[2021-12-01 13:52:43] production.ERROR: Target class [App\Http\Controllers\ProductController] does not exist. {"exception":"[object] (Illuminate\\Contracts\\Container\\BindingResolutionException(code: 0): Target class [App\\Http\\Controllers\\ProductController] does not exist. at /var/www/html/vendor/illuminate/container/Container.php:879)
[stacktrace]
#0 /var/www/html/vendor/illuminate/container/Container.php(758): Illuminate\\Container\\Container->build('App\\\\Http\\\\Contro...')
#1 /var/www/html/vendor/illuminate/container/Container.php(694): Illuminate\\Container\\Container->resolve('App\\\\Http\\\\Contro...', Array)
#2 /var/www/html/vendor/laravel/lumen-framework/src/Application.php(300): Illuminate\\Container\\Container->make('App\\\\Http\\\\Contro...', Array)
#3 /var/www/html/vendor/laravel/lumen-framework/src/Concerns/RoutesRequests.php(324): Laravel\\Lumen\\Application->make('App\\\\Http\\\\Contro...')
#4 /var/www/html/vendor/laravel/lumen-framework/src/Concerns/RoutesRequests.php(282): Laravel\\Lumen\\Application->callControllerAction(Array)
#5 /var/www/html/vendor/laravel/lumen-framework/src/Concerns/RoutesRequests.php(267): Laravel\\Lumen\\Application->callActionOnArrayBasedRoute(Array)
#6 /var/www/html/vendor/laravel/lumen-framework/src/Concerns/RoutesRequests.php(237): Laravel\\Lumen\\Application->handleFoundRoute(Array)
#7 /var/www/html/vendor/laravel/lumen-framework/src/Concerns/RoutesRequests.php(173): Laravel\\Lumen\\Application->handleDispatcherResponse(Array)
#8 /var/www/html/vendor/laravel/lumen-framework/src/Concerns/RoutesRequests.php(429): Laravel\\Lumen\\Application->Laravel\\Lumen\\Concerns\\{closure}(Object(Laravel\\Lumen\\Http\\Request))
#9 /var/www/html/vendor/laravel/lumen-framework/src/Concerns/RoutesRequests.php(175): Laravel\\Lumen\\Application->sendThroughPipeline(Array, Object(Closure))
#10 /var/www/html/vendor/laravel/lumen-framework/src/Concerns/RoutesRequests.php(112): Laravel\\Lumen\\Application->dispatch(NULL)
#11 /var/www/html/public/index.php(28): Laravel\\Lumen\\Application->run()
#12 {main}

[previous exception] [object] (ReflectionException(code: -1): Class App\\Http\\Controllers\\ProductController does not exist at /var/www/html/vendor/illuminate/container/Container.php:877)
[stacktrace]
#0 /var/www/html/vendor/illuminate/container/Container.php(877): ReflectionClass->__construct('App\\\\Http\\\\Contro...')
#1 /var/www/html/vendor/illuminate/container/Container.php(758): Illuminate\\Container\\Container->build('App\\\\Http\\\\Contro...')
#2 /var/www/html/vendor/illuminate/container/Container.php(694): Illuminate\\Container\\Container->resolve('App\\\\Http\\\\Contro...', Array)
#3 /var/www/html/vendor/laravel/lumen-framework/src/Application.php(300): Illuminate\\Container\\Container->make('App\\\\Http\\\\Contro...', Array)
#4 /var/www/html/vendor/laravel/lumen-framework/src/Concerns/RoutesRequests.php(324): Laravel\\Lumen\\Application->make('App\\\\Http\\\\Contro...')
#5 /var/www/html/vendor/laravel/lumen-framework/src/Concerns/RoutesRequests.php(282): Laravel\\Lumen\\Application->callControllerAction(Array)
#6 /var/www/html/vendor/laravel/lumen-framework/src/Concerns/RoutesRequests.php(267): Laravel\\Lumen\\Application->callActionOnArrayBasedRoute(Array)
#7 /var/www/html/vendor/laravel/lumen-framework/src/Concerns/RoutesRequests.php(237): Laravel\\Lumen\\Application->handleFoundRoute(Array)
#8 /var/www/html/vendor/laravel/lumen-framework/src/Concerns/RoutesRequests.php(173): Laravel\\Lumen\\Application->handleDispatcherResponse(Array)
#9 /var/www/html/vendor/laravel/lumen-framework/src/Concerns/RoutesRequests.php(429): Laravel\\Lumen\\Application->Laravel\\Lumen\\Concerns\\{closure}(Object(Laravel\\Lumen\\Http\\Request))
#10 /var/www/html/vendor/laravel/lumen-framework/src/Concerns/RoutesRequests.php(175): Laravel\\Lumen\\Application->sendThroughPipeline(Array, Object(Closure))
#11 /var/www/html/vendor/laravel/lumen-framework/src/Concerns/RoutesRequests.php(112): Laravel\\Lumen\\Application->dispatch(NULL)
#12 /var/www/html/public/index.php(28): Laravel\\Lumen\\Application->run()
#13 {main}
"} 
[2021-12-01 14:12:22] production.ERROR: Class 'GuzzleHttp\HandlerStack' not found {"exception":"[object] (Error(code: 0): Class 'GuzzleHttp\\HandlerStack' not found at /var/www/html/vendor/illuminate/http/Client/PendingRequest.php:850)
[stacktrace]
#0 /var/www/html/vendor/illuminate/http/Client/PendingRequest.php(806): Illuminate\\Http\\Client\\PendingRequest->buildHandlerStack()
#1 /var/www/html/vendor/illuminate/http/Client/PendingRequest.php(747): Illuminate\\Http\\Client\\PendingRequest->buildClient()
#2 /var/www/html/vendor/illuminate/http/Client/PendingRequest.php(679): Illuminate\\Http\\Client\\PendingRequest->sendRequest('GET', 'http://makeup-a...', Array)
#3 /var/www/html/vendor/illuminate/support/helpers.php(234): Illuminate\\Http\\Client\\PendingRequest->Illuminate\\Http\\Client\\{closure}(1)
#4 /var/www/html/vendor/illuminate/http/Client/PendingRequest.php(693): retry(0, Object(Closure), 100, NULL)
#5 /var/www/html/vendor/illuminate/http/Client/PendingRequest.php(548): Illuminate\\Http\\Client\\PendingRequest->send('GET', 'http://makeup-a...', Array)
#6 /var/www/html/vendor/illuminate/http/Client/Factory.php(390): Illuminate\\Http\\Client\\PendingRequest->get('http://makeup-a...', Array)
#7 /var/www/html/vendor/illuminate/support/Facades/Facade.php(261): Illuminate\\Http\\Client\\Factory->__call('get', Array)
#8 /var/www/html/app/Http/Controllers/ProductController.php(14): Illuminate\\Support\\Facades\\Facade::__callStatic('get', Array)
#9 /var/www/html/vendor/illuminate/container/BoundMethod.php(36): App\\Http\\Controllers\\ProductController->search('lip_gloss', 'lipstick')
#10 /var/www/html/vendor/illuminate/container/Util.php(40): Illuminate\\Container\\BoundMethod::Illuminate\\Container\\{closure}()
#11 /var/www/html/vendor/illuminate/container/BoundMethod.php(93): Illuminate\\Container\\Util::unwrapIfClosure(Object(Closure))
#12 /var/www/html/vendor/illuminate/container/BoundMethod.php(37): Illuminate\\Container\\BoundMethod::callBoundMethod(Object(Laravel\\Lumen\\Application), Array, Object(Closure))
#13 /var/www/html/vendor/illuminate/container/Container.php(653): Illuminate\\Container\\BoundMethod::call(Object(Laravel\\Lumen\\Application), Array, Array, NULL)
#14 /var/www/html/vendor/laravel/lumen-framework/src/Concerns/RoutesRequests.php(389): Illuminate\\Container\\Container->call(Array, Array)
#15 /var/www/html/vendor/laravel/lumen-framework/src/Concerns/RoutesRequests.php(355): Laravel\\Lumen\\Application->callControllerCallable(Array, Array)
#16 /var/www/html/vendor/laravel/lumen-framework/src/Concerns/RoutesRequests.php(329): Laravel\\Lumen\\Application->callLumenController(Object(App\\Http\\Controllers\\ProductController), 'search', Array)
#17 /var/www/html/vendor/laravel/lumen-framework/src/Concerns/RoutesRequests.php(282): Laravel\\Lumen\\Application->callControllerAction(Array)
#18 /var/www/html/vendor/laravel/lumen-framework/src/Concerns/RoutesRequests.php(267): Laravel\\Lumen\\Application->callActionOnArrayBasedRoute(Array)
#19 /var/www/html/vendor/laravel/lumen-framework/src/Concerns/RoutesRequests.php(237): Laravel\\Lumen\\Application->handleFoundRoute(Array)
#20 /var/www/html/vendor/laravel/lumen-framework/src/Concerns/RoutesRequests.php(173): Laravel\\Lumen\\Application->handleDispatcherResponse(Array)
#21 /var/www/html/vendor/laravel/lumen-framework/src/Concerns/RoutesRequests.php(429): Laravel\\Lumen\\Application->Laravel\\Lumen\\Concerns\\{closure}(Object(Laravel\\Lumen\\Http\\Request))
#22 /var/www/html/vendor/laravel/lumen-framework/src/Concerns/RoutesRequests.php(175): Laravel\\Lumen\\Application->sendThroughPipeline(Array, Object(Closure))
#23 /var/www/html/vendor/laravel/lumen-framework/src/Concerns/RoutesRequests.php(112): Laravel\\Lumen\\Application->dispatch(NULL)
#24 /var/www/html/public/index.php(28): Laravel\\Lumen\\Application->run()
#25 {main}
"} 
[2021-12-01 14:18:07] production.ERROR: Class 'GuzzleHttp\HandlerStack' not found {"exception":"[object] (Error(code: 0): Class 'GuzzleHttp\\HandlerStack' not found at /var/www/html/vendor/illuminate/http/Client/PendingRequest.php:850)
[stacktrace]
#0 /var/www/html/vendor/illuminate/http/Client/PendingRequest.php(806): Illuminate\\Http\\Client\\PendingRequest->buildHandlerStack()
#1 /var/www/html/vendor/illuminate/http/Client/PendingRequest.php(747): Illuminate\\Http\\Client\\PendingRequest->buildClient()
#2 /var/www/html/vendor/illuminate/http/Client/PendingRequest.php(679): Illuminate\\Http\\Client\\PendingRequest->sendRequest('GET', 'http://makeup-a...', Array)
#3 /var/www/html/vendor/illuminate/support/helpers.php(234): Illuminate\\Http\\Client\\PendingRequest->Illuminate\\Http\\Client\\{closure}(1)
#4 /var/www/html/vendor/illuminate/http/Client/PendingRequest.php(693): retry(0, Object(Closure), 100, NULL)
#5 /var/www/html/vendor/illuminate/http/Client/PendingRequest.php(548): Illuminate\\Http\\Client\\PendingRequest->send('GET', 'http://makeup-a...', Array)
#6 /var/www/html/vendor/illuminate/http/Client/Factory.php(390): Illuminate\\Http\\Client\\PendingRequest->get('http://makeup-a...', Array)
#7 /var/www/html/vendor/illuminate/support/Facades/Facade.php(261): Illuminate\\Http\\Client\\Factory->__call('get', Array)
#8 /var/www/html/app/Http/Controllers/ProductController.php(14): Illuminate\\Support\\Facades\\Facade::__callStatic('get', Array)
#9 /var/www/html/vendor/illuminate/container/BoundMethod.php(36): App\\Http\\Controllers\\ProductController->search('lip_gloss', 'lipstick')
#10 /var/www/html/vendor/illuminate/container/Util.php(40): Illuminate\\Container\\BoundMethod::Illuminate\\Container\\{closure}()
#11 /var/www/html/vendor/illuminate/container/BoundMethod.php(93): Illuminate\\Container\\Util::unwrapIfClosure(Object(Closure))
#12 /var/www/html/vendor/illuminate/container/BoundMethod.php(37): Illuminate\\Container\\BoundMethod::callBoundMethod(Object(Laravel\\Lumen\\Application), Array, Object(Closure))
#13 /var/www/html/vendor/illuminate/container/Container.php(653): Illuminate\\Container\\BoundMethod::call(Object(Laravel\\Lumen\\Application), Array, Array, NULL)
#14 /var/www/html/vendor/laravel/lumen-framework/src/Concerns/RoutesRequests.php(389): Illuminate\\Container\\Container->call(Array, Array)
#15 /var/www/html/vendor/laravel/lumen-framework/src/Concerns/RoutesRequests.php(355): Laravel\\Lumen\\Application->callControllerCallable(Array, Array)
#16 /var/www/html/vendor/laravel/lumen-framework/src/Concerns/RoutesRequests.php(329): Laravel\\Lumen\\Application->callLumenController(Object(App\\Http\\Controllers\\ProductController), 'search', Array)
#17 /var/www/html/vendor/laravel/lumen-framework/src/Concerns/RoutesRequests.php(282): Laravel\\Lumen\\Application->callControllerAction(Array)
#18 /var/www/html/vendor/laravel/lumen-framework/src/Concerns/RoutesRequests.php(267): Laravel\\Lumen\\Application->callActionOnArrayBasedRoute(Array)
#19 /var/www/html/vendor/laravel/lumen-framework/src/Concerns/RoutesRequests.php(237): Laravel\\Lumen\\Application->handleFoundRoute(Array)
#20 /var/www/html/vendor/laravel/lumen-framework/src/Concerns/RoutesRequests.php(173): Laravel\\Lumen\\Application->handleDispatcherResponse(Array)
#21 /var/www/html/vendor/laravel/lumen-framework/src/Concerns/RoutesRequests.php(429): Laravel\\Lumen\\Application->Laravel\\Lumen\\Concerns\\{closure}(Object(Laravel\\Lumen\\Http\\Request))
#22 /var/www/html/vendor/laravel/lumen-framework/src/Concerns/RoutesRequests.php(175): Laravel\\Lumen\\Application->sendThroughPipeline(Array, Object(Closure))
#23 /var/www/html/vendor/laravel/lumen-framework/src/Concerns/RoutesRequests.php(112): Laravel\\Lumen\\Application->dispatch(NULL)
#24 /var/www/html/public/index.php(28): Laravel\\Lumen\\Application->run()
#25 {main}
"} 
[2021-12-01 14:19:15] production.ERROR: Class 'GuzzleHttp\HandlerStack' not found {"exception":"[object] (Error(code: 0): Class 'GuzzleHttp\\HandlerStack' not found at /var/www/html/vendor/illuminate/http/Client/PendingRequest.php:850)
[stacktrace]
#0 /var/www/html/vendor/illuminate/http/Client/PendingRequest.php(806): Illuminate\\Http\\Client\\PendingRequest->buildHandlerStack()
#1 /var/www/html/vendor/illuminate/http/Client/PendingRequest.php(747): Illuminate\\Http\\Client\\PendingRequest->buildClient()
#2 /var/www/html/vendor/illuminate/http/Client/PendingRequest.php(679): Illuminate\\Http\\Client\\PendingRequest->sendRequest('GET', 'http://makeup-a...', Array)
#3 /var/www/html/vendor/illuminate/support/helpers.php(234): Illuminate\\Http\\Client\\PendingRequest->Illuminate\\Http\\Client\\{closure}(1)
#4 /var/www/html/vendor/illuminate/http/Client/PendingRequest.php(693): retry(0, Object(Closure), 100, NULL)
#5 /var/www/html/vendor/illuminate/http/Client/PendingRequest.php(548): Illuminate\\Http\\Client\\PendingRequest->send('GET', 'http://makeup-a...', Array)
#6 /var/www/html/vendor/illuminate/http/Client/Factory.php(390): Illuminate\\Http\\Client\\PendingRequest->get('http://makeup-a...', Array)
#7 /var/www/html/vendor/illuminate/support/Facades/Facade.php(261): Illuminate\\Http\\Client\\Factory->__call('get', Array)
#8 /var/www/html/app/Http/Controllers/ProductController.php(14): Illuminate\\Support\\Facades\\Facade::__callStatic('get', Array)
#9 /var/www/html/vendor/illuminate/container/BoundMethod.php(36): App\\Http\\Controllers\\ProductController->search('lip_gloss', 'lipstick')
#10 /var/www/html/vendor/illuminate/container/Util.php(40): Illuminate\\Container\\BoundMethod::Illuminate\\Container\\{closure}()
#11 /var/www/html/vendor/illuminate/container/BoundMethod.php(93): Illuminate\\Container\\Util::unwrapIfClosure(Object(Closure))
#12 /var/www/html/vendor/illuminate/container/BoundMethod.php(37): Illuminate\\Container\\BoundMethod::callBoundMethod(Object(Laravel\\Lumen\\Application), Array, Object(Closure))
#13 /var/www/html/vendor/illuminate/container/Container.php(653): Illuminate\\Container\\BoundMethod::call(Object(Laravel\\Lumen\\Application), Array, Array, NULL)
#14 /var/www/html/vendor/laravel/lumen-framework/src/Concerns/RoutesRequests.php(389): Illuminate\\Container\\Container->call(Array, Array)
#15 /var/www/html/vendor/laravel/lumen-framework/src/Concerns/RoutesRequests.php(355): Laravel\\Lumen\\Application->callControllerCallable(Array, Array)
#16 /var/www/html/vendor/laravel/lumen-framework/src/Concerns/RoutesRequests.php(329): Laravel\\Lumen\\Application->callLumenController(Object(App\\Http\\Controllers\\ProductController), 'search', Array)
#17 /var/www/html/vendor/laravel/lumen-framework/src/Concerns/RoutesRequests.php(282): Laravel\\Lumen\\Application->callControllerAction(Array)
#18 /var/www/html/vendor/laravel/lumen-framework/src/Concerns/RoutesRequests.php(267): Laravel\\Lumen\\Application->callActionOnArrayBasedRoute(Array)
#19 /var/www/html/vendor/laravel/lumen-framework/src/Concerns/RoutesRequests.php(237): Laravel\\Lumen\\Application->handleFoundRoute(Array)
#20 /var/www/html/vendor/laravel/lumen-framework/src/Concerns/RoutesRequests.php(173): Laravel\\Lumen\\Application->handleDispatcherResponse(Array)
#21 /var/www/html/vendor/laravel/lumen-framework/src/Concerns/RoutesRequests.php(429): Laravel\\Lumen\\Application->Laravel\\Lumen\\Concerns\\{closure}(Object(Laravel\\Lumen\\Http\\Request))
#22 /var/www/html/vendor/laravel/lumen-framework/src/Concerns/RoutesRequests.php(175): Laravel\\Lumen\\Application->sendThroughPipeline(Array, Object(Closure))
#23 /var/www/html/vendor/laravel/lumen-framework/src/Concerns/RoutesRequests.php(112): Laravel\\Lumen\\Application->dispatch(NULL)
#24 /var/www/html/public/index.php(28): Laravel\\Lumen\\Application->run()
#25 {main}
"} 
[2021-12-01 14:54:58] production.ERROR: Class 'GuzzleHttp\HandlerStack' not found {"exception":"[object] (Error(code: 0): Class 'GuzzleHttp\\HandlerStack' not found at /var/www/html/vendor/illuminate/http/Client/PendingRequest.php:850)
[stacktrace]
#0 /var/www/html/vendor/illuminate/http/Client/PendingRequest.php(806): Illuminate\\Http\\Client\\PendingRequest->buildHandlerStack()
#1 /var/www/html/vendor/illuminate/http/Client/PendingRequest.php(747): Illuminate\\Http\\Client\\PendingRequest->buildClient()
#2 /var/www/html/vendor/illuminate/http/Client/PendingRequest.php(679): Illuminate\\Http\\Client\\PendingRequest->sendRequest('GET', 'http://makeup-a...', Array)
#3 /var/www/html/vendor/illuminate/support/helpers.php(234): Illuminate\\Http\\Client\\PendingRequest->Illuminate\\Http\\Client\\{closure}(1)
#4 /var/www/html/vendor/illuminate/http/Client/PendingRequest.php(693): retry(0, Object(Closure), 100, NULL)
#5 /var/www/html/vendor/illuminate/http/Client/PendingRequest.php(548): Illuminate\\Http\\Client\\PendingRequest->send('GET', 'http://makeup-a...', Array)
#6 /var/www/html/vendor/illuminate/http/Client/Factory.php(390): Illuminate\\Http\\Client\\PendingRequest->get('http://makeup-a...', Array)
#7 /var/www/html/vendor/illuminate/support/Facades/Facade.php(261): Illuminate\\Http\\Client\\Factory->__call('get', Array)
#8 /var/www/html/app/Http/Controllers/ProductController.php(16): Illuminate\\Support\\Facades\\Facade::__callStatic('get', Array)
#9 /var/www/html/vendor/illuminate/container/BoundMethod.php(36): App\\Http\\Controllers\\ProductController->search('lip_gloss', 'lipstick')
#10 /var/www/html/vendor/illuminate/container/Util.php(40): Illuminate\\Container\\BoundMethod::Illuminate\\Container\\{closure}()
#11 /var/www/html/vendor/illuminate/container/BoundMethod.php(93): Illuminate\\Container\\Util::unwrapIfClosure(Object(Closure))
#12 /var/www/html/vendor/illuminate/container/BoundMethod.php(37): Illuminate\\Container\\BoundMethod::callBoundMethod(Object(Laravel\\Lumen\\Application), Array, Object(Closure))
#13 /var/www/html/vendor/illuminate/container/Container.php(653): Illuminate\\Container\\BoundMethod::call(Object(Laravel\\Lumen\\Application), Array, Array, NULL)
#14 /var/www/html/vendor/laravel/lumen-framework/src/Concerns/RoutesRequests.php(389): Illuminate\\Container\\Container->call(Array, Array)
#15 /var/www/html/vendor/laravel/lumen-framework/src/Concerns/RoutesRequests.php(355): Laravel\\Lumen\\Application->callControllerCallable(Array, Array)
#16 /var/www/html/vendor/laravel/lumen-framework/src/Concerns/RoutesRequests.php(329): Laravel\\Lumen\\Application->callLumenController(Object(App\\Http\\Controllers\\ProductController), 'search', Array)
#17 /var/www/html/vendor/laravel/lumen-framework/src/Concerns/RoutesRequests.php(282): Laravel\\Lumen\\Application->callControllerAction(Array)
#18 /var/www/html/vendor/laravel/lumen-framework/src/Concerns/RoutesRequests.php(267): Laravel\\Lumen\\Application->callActionOnArrayBasedRoute(Array)
#19 /var/www/html/vendor/laravel/lumen-framework/src/Concerns/RoutesRequests.php(237): Laravel\\Lumen\\Application->handleFoundRoute(Array)
#20 /var/www/html/vendor/laravel/lumen-framework/src/Concerns/RoutesRequests.php(173): Laravel\\Lumen\\Application->handleDispatcherResponse(Array)
#21 /var/www/html/vendor/laravel/lumen-framework/src/Concerns/RoutesRequests.php(429): Laravel\\Lumen\\Application->Laravel\\Lumen\\Concerns\\{closure}(Object(Laravel\\Lumen\\Http\\Request))
#22 /var/www/html/vendor/laravel/lumen-framework/src/Concerns/RoutesRequests.php(175): Laravel\\Lumen\\Application->sendThroughPipeline(Array, Object(Closure))
#23 /var/www/html/vendor/laravel/lumen-framework/src/Concerns/RoutesRequests.php(112): Laravel\\Lumen\\Application->dispatch(NULL)
#24 /var/www/html/public/index.php(28): Laravel\\Lumen\\Application->run()
#25 {main}
"} 
[2021-12-01 14:59:01] production.ERROR: Class 'GuzzleHttp\HandlerStack' not found {"exception":"[object] (Error(code: 0): Class 'GuzzleHttp\\HandlerStack' not found at /var/www/html/vendor/illuminate/http/Client/PendingRequest.php:850)
[stacktrace]
#0 /var/www/html/vendor/illuminate/http/Client/PendingRequest.php(806): Illuminate\\Http\\Client\\PendingRequest->buildHandlerStack()
#1 /var/www/html/vendor/illuminate/http/Client/PendingRequest.php(747): Illuminate\\Http\\Client\\PendingRequest->buildClient()
#2 /var/www/html/vendor/illuminate/http/Client/PendingRequest.php(679): Illuminate\\Http\\Client\\PendingRequest->sendRequest('GET', 'http://makeup-a...', Array)
#3 /var/www/html/vendor/illuminate/support/helpers.php(234): Illuminate\\Http\\Client\\PendingRequest->Illuminate\\Http\\Client\\{closure}(1)
#4 /var/www/html/vendor/illuminate/http/Client/PendingRequest.php(693): retry(0, Object(Closure), 100, NULL)
#5 /var/www/html/vendor/illuminate/http/Client/PendingRequest.php(548): Illuminate\\Http\\Client\\PendingRequest->send('GET', 'http://makeup-a...', Array)
#6 /var/www/html/vendor/illuminate/http/Client/Factory.php(390): Illuminate\\Http\\Client\\PendingRequest->get('http://makeup-a...', Array)
#7 /var/www/html/vendor/illuminate/support/Facades/Facade.php(261): Illuminate\\Http\\Client\\Factory->__call('get', Array)
#8 /var/www/html/app/Http/Controllers/ProductController.php(16): Illuminate\\Support\\Facades\\Facade::__callStatic('get', Array)
#9 /var/www/html/vendor/illuminate/container/BoundMethod.php(36): App\\Http\\Controllers\\ProductController->search('lip_gloss', 'lipstick')
#10 /var/www/html/vendor/illuminate/container/Util.php(40): Illuminate\\Container\\BoundMethod::Illuminate\\Container\\{closure}()
#11 /var/www/html/vendor/illuminate/container/BoundMethod.php(93): Illuminate\\Container\\Util::unwrapIfClosure(Object(Closure))
#12 /var/www/html/vendor/illuminate/container/BoundMethod.php(37): Illuminate\\Container\\BoundMethod::callBoundMethod(Object(Laravel\\Lumen\\Application), Array, Object(Closure))
#13 /var/www/html/vendor/illuminate/container/Container.php(653): Illuminate\\Container\\BoundMethod::call(Object(Laravel\\Lumen\\Application), Array, Array, NULL)
#14 /var/www/html/vendor/laravel/lumen-framework/src/Concerns/RoutesRequests.php(389): Illuminate\\Container\\Container->call(Array, Array)
#15 /var/www/html/vendor/laravel/lumen-framework/src/Concerns/RoutesRequests.php(355): Laravel\\Lumen\\Application->callControllerCallable(Array, Array)
#16 /var/www/html/vendor/laravel/lumen-framework/src/Concerns/RoutesRequests.php(329): Laravel\\Lumen\\Application->callLumenController(Object(App\\Http\\Controllers\\ProductController), 'search', Array)
#17 /var/www/html/vendor/laravel/lumen-framework/src/Concerns/RoutesRequests.php(282): Laravel\\Lumen\\Application->callControllerAction(Array)
#18 /var/www/html/vendor/laravel/lumen-framework/src/Concerns/RoutesRequests.php(267): Laravel\\Lumen\\Application->callActionOnArrayBasedRoute(Array)
#19 /var/www/html/vendor/laravel/lumen-framework/src/Concerns/RoutesRequests.php(237): Laravel\\Lumen\\Application->handleFoundRoute(Array)
#20 /var/www/html/vendor/laravel/lumen-framework/src/Concerns/RoutesRequests.php(173): Laravel\\Lumen\\Application->handleDispatcherResponse(Array)
#21 /var/www/html/vendor/laravel/lumen-framework/src/Concerns/RoutesRequests.php(429): Laravel\\Lumen\\Application->Laravel\\Lumen\\Concerns\\{closure}(Object(Laravel\\Lumen\\Http\\Request))
#22 /var/www/html/vendor/laravel/lumen-framework/src/Concerns/RoutesRequests.php(175): Laravel\\Lumen\\Application->sendThroughPipeline(Array, Object(Closure))
#23 /var/www/html/vendor/laravel/lumen-framework/src/Concerns/RoutesRequests.php(112): Laravel\\Lumen\\Application->dispatch(NULL)
#24 /var/www/html/public/index.php(28): Laravel\\Lumen\\Application->run()
#25 {main}
"} 
[2021-12-01 14:59:17] production.ERROR: Class 'GuzzleHttp\HandlerStack' not found {"exception":"[object] (Error(code: 0): Class 'GuzzleHttp\\HandlerStack' not found at /var/www/html/vendor/illuminate/http/Client/PendingRequest.php:850)
[stacktrace]
#0 /var/www/html/vendor/illuminate/http/Client/PendingRequest.php(806): Illuminate\\Http\\Client\\PendingRequest->buildHandlerStack()
#1 /var/www/html/vendor/illuminate/http/Client/PendingRequest.php(747): Illuminate\\Http\\Client\\PendingRequest->buildClient()
#2 /var/www/html/vendor/illuminate/http/Client/PendingRequest.php(679): Illuminate\\Http\\Client\\PendingRequest->sendRequest('GET', 'http://makeup-a...', Array)
#3 /var/www/html/vendor/illuminate/support/helpers.php(234): Illuminate\\Http\\Client\\PendingRequest->Illuminate\\Http\\Client\\{closure}(1)
#4 /var/www/html/vendor/illuminate/http/Client/PendingRequest.php(693): retry(0, Object(Closure), 100, NULL)
#5 /var/www/html/vendor/illuminate/http/Client/PendingRequest.php(548): Illuminate\\Http\\Client\\PendingRequest->send('GET', 'http://makeup-a...', Array)
#6 /var/www/html/vendor/illuminate/http/Client/Factory.php(390): Illuminate\\Http\\Client\\PendingRequest->get('http://makeup-a...', Array)
#7 /var/www/html/vendor/illuminate/support/Facades/Facade.php(261): Illuminate\\Http\\Client\\Factory->__call('get', Array)
#8 /var/www/html/app/Http/Controllers/ProductController.php(16): Illuminate\\Support\\Facades\\Facade::__callStatic('get', Array)
#9 /var/www/html/vendor/illuminate/container/BoundMethod.php(36): App\\Http\\Controllers\\ProductController->search('lip_gloss', 'lipstick')
#10 /var/www/html/vendor/illuminate/container/Util.php(40): Illuminate\\Container\\BoundMethod::Illuminate\\Container\\{closure}()
#11 /var/www/html/vendor/illuminate/container/BoundMethod.php(93): Illuminate\\Container\\Util::unwrapIfClosure(Object(Closure))
#12 /var/www/html/vendor/illuminate/container/BoundMethod.php(37): Illuminate\\Container\\BoundMethod::callBoundMethod(Object(Laravel\\Lumen\\Application), Array, Object(Closure))
#13 /var/www/html/vendor/illuminate/container/Container.php(653): Illuminate\\Container\\BoundMethod::call(Object(Laravel\\Lumen\\Application), Array, Array, NULL)
#14 /var/www/html/vendor/laravel/lumen-framework/src/Concerns/RoutesRequests.php(389): Illuminate\\Container\\Container->call(Array, Array)
#15 /var/www/html/vendor/laravel/lumen-framework/src/Concerns/RoutesRequests.php(355): Laravel\\Lumen\\Application->callControllerCallable(Array, Array)
#16 /var/www/html/vendor/laravel/lumen-framework/src/Concerns/RoutesRequests.php(329): Laravel\\Lumen\\Application->callLumenController(Object(App\\Http\\Controllers\\ProductController), 'search', Array)
#17 /var/www/html/vendor/laravel/lumen-framework/src/Concerns/RoutesRequests.php(282): Laravel\\Lumen\\Application->callControllerAction(Array)
#18 /var/www/html/vendor/laravel/lumen-framework/src/Concerns/RoutesRequests.php(267): Laravel\\Lumen\\Application->callActionOnArrayBasedRoute(Array)
#19 /var/www/html/vendor/laravel/lumen-framework/src/Concerns/RoutesRequests.php(237): Laravel\\Lumen\\Application->handleFoundRoute(Array)
#20 /var/www/html/vendor/laravel/lumen-framework/src/Concerns/RoutesRequests.php(173): Laravel\\Lumen\\Application->handleDispatcherResponse(Array)
#21 /var/www/html/vendor/laravel/lumen-framework/src/Concerns/RoutesRequests.php(429): Laravel\\Lumen\\Application->Laravel\\Lumen\\Concerns\\{closure}(Object(Laravel\\Lumen\\Http\\Request))
#22 /var/www/html/vendor/laravel/lumen-framework/src/Concerns/RoutesRequests.php(175): Laravel\\Lumen\\Application->sendThroughPipeline(Array, Object(Closure))
#23 /var/www/html/vendor/laravel/lumen-framework/src/Concerns/RoutesRequests.php(112): Laravel\\Lumen\\Application->dispatch(NULL)
#24 /var/www/html/public/index.php(28): Laravel\\Lumen\\Application->run()
#25 {main}
"} 
[2021-12-01 15:10:20] production.ERROR: Trying to get property 'name' of non-object {"exception":"[object] (ErrorException(code: 0): Trying to get property 'name' of non-object at /var/www/html/vendor/illuminate/http/Resources/DelegatesToResource.php:140)
[stacktrace]
#0 /var/www/html/vendor/laravel/lumen-framework/src/Concerns/RegistersExceptionHandlers.php(47): Laravel\\Lumen\\Application->handleError(8, 'Trying to get p...', '/var/www/html/v...', 140)
#1 /var/www/html/vendor/illuminate/http/Resources/DelegatesToResource.php(140): Laravel\\Lumen\\Application->Laravel\\Lumen\\Concerns\\{closure}(8, 'Trying to get p...', '/var/www/html/v...', 140, Array)
#2 /var/www/html/app/Http/Resources/ProductResource.php(12): Illuminate\\Http\\Resources\\Json\\JsonResource->__get('name')
#3 /var/www/html/vendor/illuminate/http/Resources/Json/JsonResource.php(95): App\\Http\\Resources\\ProductResource->toArray(Object(Laravel\\Lumen\\Http\\Request))
#4 /var/www/html/vendor/illuminate/http/Resources/Json/ResourceResponse.php(39): Illuminate\\Http\\Resources\\Json\\JsonResource->resolve(Object(Laravel\\Lumen\\Http\\Request))
#5 /var/www/html/vendor/illuminate/http/Resources/Json/JsonResource.php(221): Illuminate\\Http\\Resources\\Json\\ResourceResponse->toResponse(Object(Laravel\\Lumen\\Http\\Request))
#6 /var/www/html/vendor/laravel/lumen-framework/src/Concerns/RoutesRequests.php(443): Illuminate\\Http\\Resources\\Json\\JsonResource->toResponse(Object(Laravel\\Lumen\\Http\\Request))
#7 /var/www/html/vendor/laravel/lumen-framework/src/Concerns/RoutesRequests.php(389): Laravel\\Lumen\\Application->prepareResponse(Object(App\\Http\\Resources\\ProductResource))
#8 /var/www/html/vendor/laravel/lumen-framework/src/Concerns/RoutesRequests.php(355): Laravel\\Lumen\\Application->callControllerCallable(Array, Array)
#9 /var/www/html/vendor/laravel/lumen-framework/src/Concerns/RoutesRequests.php(329): Laravel\\Lumen\\Application->callLumenController(Object(App\\Http\\Controllers\\ProductController), 'search', Array)
#10 /var/www/html/vendor/laravel/lumen-framework/src/Concerns/RoutesRequests.php(282): Laravel\\Lumen\\Application->callControllerAction(Array)
#11 /var/www/html/vendor/laravel/lumen-framework/src/Concerns/RoutesRequests.php(267): Laravel\\Lumen\\Application->callActionOnArrayBasedRoute(Array)
#12 /var/www/html/vendor/laravel/lumen-framework/src/Concerns/RoutesRequests.php(237): Laravel\\Lumen\\Application->handleFoundRoute(Array)
#13 /var/www/html/vendor/laravel/lumen-framework/src/Concerns/RoutesRequests.php(173): Laravel\\Lumen\\Application->handleDispatcherResponse(Array)
#14 /var/www/html/vendor/laravel/lumen-framework/src/Concerns/RoutesRequests.php(429): Laravel\\Lumen\\Application->Laravel\\Lumen\\Concerns\\{closure}(Object(Laravel\\Lumen\\Http\\Request))
#15 /var/www/html/vendor/laravel/lumen-framework/src/Concerns/RoutesRequests.php(175): Laravel\\Lumen\\Application->sendThroughPipeline(Array, Object(Closure))
#16 /var/www/html/vendor/laravel/lumen-framework/src/Concerns/RoutesRequests.php(112): Laravel\\Lumen\\Application->dispatch(NULL)
#17 /var/www/html/public/index.php(28): Laravel\\Lumen\\Application->run()
#18 {main}
"} 
[2021-12-01 15:11:34] production.ERROR: Undefined property: Illuminate\Http\Client\Response::$name {"exception":"[object] (ErrorException(code: 0): Undefined property: Illuminate\\Http\\Client\\Response::$name at /var/www/html/vendor/illuminate/http/Resources/DelegatesToResource.php:140)
[stacktrace]
#0 /var/www/html/vendor/laravel/lumen-framework/src/Concerns/RegistersExceptionHandlers.php(47): Laravel\\Lumen\\Application->handleError(8, 'Undefined prope...', '/var/www/html/v...', 140)
#1 /var/www/html/vendor/illuminate/http/Resources/DelegatesToResource.php(140): Laravel\\Lumen\\Application->Laravel\\Lumen\\Concerns\\{closure}(8, 'Undefined prope...', '/var/www/html/v...', 140, Array)
#2 /var/www/html/app/Http/Resources/ProductResource.php(12): Illuminate\\Http\\Resources\\Json\\JsonResource->__get('name')
#3 /var/www/html/vendor/illuminate/http/Resources/Json/JsonResource.php(95): App\\Http\\Resources\\ProductResource->toArray(Object(Laravel\\Lumen\\Http\\Request))
#4 /var/www/html/vendor/illuminate/http/Resources/Json/ResourceResponse.php(39): Illuminate\\Http\\Resources\\Json\\JsonResource->resolve(Object(Laravel\\Lumen\\Http\\Request))
#5 /var/www/html/vendor/illuminate/http/Resources/Json/JsonResource.php(221): Illuminate\\Http\\Resources\\Json\\ResourceResponse->toResponse(Object(Laravel\\Lumen\\Http\\Request))
#6 /var/www/html/vendor/laravel/lumen-framework/src/Concerns/RoutesRequests.php(443): Illuminate\\Http\\Resources\\Json\\JsonResource->toResponse(Object(Laravel\\Lumen\\Http\\Request))
#7 /var/www/html/vendor/laravel/lumen-framework/src/Concerns/RoutesRequests.php(389): Laravel\\Lumen\\Application->prepareResponse(Object(App\\Http\\Resources\\ProductResource))
#8 /var/www/html/vendor/laravel/lumen-framework/src/Concerns/RoutesRequests.php(355): Laravel\\Lumen\\Application->callControllerCallable(Array, Array)
#9 /var/www/html/vendor/laravel/lumen-framework/src/Concerns/RoutesRequests.php(329): Laravel\\Lumen\\Application->callLumenController(Object(App\\Http\\Controllers\\ProductController), 'search', Array)
#10 /var/www/html/vendor/laravel/lumen-framework/src/Concerns/RoutesRequests.php(282): Laravel\\Lumen\\Application->callControllerAction(Array)
#11 /var/www/html/vendor/laravel/lumen-framework/src/Concerns/RoutesRequests.php(267): Laravel\\Lumen\\Application->callActionOnArrayBasedRoute(Array)
#12 /var/www/html/vendor/laravel/lumen-framework/src/Concerns/RoutesRequests.php(237): Laravel\\Lumen\\Application->handleFoundRoute(Array)
#13 /var/www/html/vendor/laravel/lumen-framework/src/Concerns/RoutesRequests.php(173): Laravel\\Lumen\\Application->handleDispatcherResponse(Array)
#14 /var/www/html/vendor/laravel/lumen-framework/src/Concerns/RoutesRequests.php(429): Laravel\\Lumen\\Application->Laravel\\Lumen\\Concerns\\{closure}(Object(Laravel\\Lumen\\Http\\Request))
#15 /var/www/html/vendor/laravel/lumen-framework/src/Concerns/RoutesRequests.php(175): Laravel\\Lumen\\Application->sendThroughPipeline(Array, Object(Closure))
#16 /var/www/html/vendor/laravel/lumen-framework/src/Concerns/RoutesRequests.php(112): Laravel\\Lumen\\Application->dispatch(NULL)
#17 /var/www/html/public/index.php(28): Laravel\\Lumen\\Application->run()
#18 {main}
"} 
[2021-12-01 15:17:15] production.ERROR: Undefined property: Illuminate\Http\Client\Response::$name {"exception":"[object] (ErrorException(code: 0): Undefined property: Illuminate\\Http\\Client\\Response::$name at /var/www/html/vendor/illuminate/http/Resources/DelegatesToResource.php:140)
[stacktrace]
#0 /var/www/html/vendor/laravel/lumen-framework/src/Concerns/RegistersExceptionHandlers.php(47): Laravel\\Lumen\\Application->handleError(8, 'Undefined prope...', '/var/www/html/v...', 140)
#1 /var/www/html/vendor/illuminate/http/Resources/DelegatesToResource.php(140): Laravel\\Lumen\\Application->Laravel\\Lumen\\Concerns\\{closure}(8, 'Undefined prope...', '/var/www/html/v...', 140, Array)
#2 /var/www/html/app/Http/Resources/ProductResource.php(12): Illuminate\\Http\\Resources\\Json\\JsonResource->__get('name')
#3 /var/www/html/vendor/illuminate/http/Resources/Json/JsonResource.php(95): App\\Http\\Resources\\ProductResource->toArray(Object(Laravel\\Lumen\\Http\\Request))
#4 /var/www/html/vendor/illuminate/http/Resources/Json/ResourceResponse.php(39): Illuminate\\Http\\Resources\\Json\\JsonResource->resolve(Object(Laravel\\Lumen\\Http\\Request))
#5 /var/www/html/vendor/illuminate/http/Resources/Json/JsonResource.php(221): Illuminate\\Http\\Resources\\Json\\ResourceResponse->toResponse(Object(Laravel\\Lumen\\Http\\Request))
#6 /var/www/html/vendor/laravel/lumen-framework/src/Concerns/RoutesRequests.php(443): Illuminate\\Http\\Resources\\Json\\JsonResource->toResponse(Object(Laravel\\Lumen\\Http\\Request))
#7 /var/www/html/vendor/laravel/lumen-framework/src/Concerns/RoutesRequests.php(389): Laravel\\Lumen\\Application->prepareResponse(Object(App\\Http\\Resources\\ProductResource))
#8 /var/www/html/vendor/laravel/lumen-framework/src/Concerns/RoutesRequests.php(355): Laravel\\Lumen\\Application->callControllerCallable(Array, Array)
#9 /var/www/html/vendor/laravel/lumen-framework/src/Concerns/RoutesRequests.php(329): Laravel\\Lumen\\Application->callLumenController(Object(App\\Http\\Controllers\\ProductController), 'search', Array)
#10 /var/www/html/vendor/laravel/lumen-framework/src/Concerns/RoutesRequests.php(282): Laravel\\Lumen\\Application->callControllerAction(Array)
#11 /var/www/html/vendor/laravel/lumen-framework/src/Concerns/RoutesRequests.php(267): Laravel\\Lumen\\Application->callActionOnArrayBasedRoute(Array)
#12 /var/www/html/vendor/laravel/lumen-framework/src/Concerns/RoutesRequests.php(237): Laravel\\Lumen\\Application->handleFoundRoute(Array)
#13 /var/www/html/vendor/laravel/lumen-framework/src/Concerns/RoutesRequests.php(173): Laravel\\Lumen\\Application->handleDispatcherResponse(Array)
#14 /var/www/html/vendor/laravel/lumen-framework/src/Concerns/RoutesRequests.php(429): Laravel\\Lumen\\Application->Laravel\\Lumen\\Concerns\\{closure}(Object(Laravel\\Lumen\\Http\\Request))
#15 /var/www/html/vendor/laravel/lumen-framework/src/Concerns/RoutesRequests.php(175): Laravel\\Lumen\\Application->sendThroughPipeline(Array, Object(Closure))
#16 /var/www/html/vendor/laravel/lumen-framework/src/Concerns/RoutesRequests.php(112): Laravel\\Lumen\\Application->dispatch(NULL)
#17 /var/www/html/public/index.php(28): Laravel\\Lumen\\Application->run()
#18 {main}
"} 
[2021-12-01 15:17:43] production.ERROR: Trying to get property 'name' of non-object {"exception":"[object] (ErrorException(code: 0): Trying to get property 'name' of non-object at /var/www/html/vendor/illuminate/http/Resources/DelegatesToResource.php:140)
[stacktrace]
#0 /var/www/html/vendor/laravel/lumen-framework/src/Concerns/RegistersExceptionHandlers.php(47): Laravel\\Lumen\\Application->handleError(8, 'Trying to get p...', '/var/www/html/v...', 140)
#1 /var/www/html/vendor/illuminate/http/Resources/DelegatesToResource.php(140): Laravel\\Lumen\\Application->Laravel\\Lumen\\Concerns\\{closure}(8, 'Trying to get p...', '/var/www/html/v...', 140, Array)
#2 /var/www/html/app/Http/Resources/ProductResource.php(12): Illuminate\\Http\\Resources\\Json\\JsonResource->__get('name')
#3 /var/www/html/vendor/illuminate/http/Resources/Json/JsonResource.php(95): App\\Http\\Resources\\ProductResource->toArray(Object(Laravel\\Lumen\\Http\\Request))
#4 /var/www/html/vendor/illuminate/http/Resources/Json/ResourceResponse.php(39): Illuminate\\Http\\Resources\\Json\\JsonResource->resolve(Object(Laravel\\Lumen\\Http\\Request))
#5 /var/www/html/vendor/illuminate/http/Resources/Json/JsonResource.php(221): Illuminate\\Http\\Resources\\Json\\ResourceResponse->toResponse(Object(Laravel\\Lumen\\Http\\Request))
#6 /var/www/html/vendor/laravel/lumen-framework/src/Concerns/RoutesRequests.php(443): Illuminate\\Http\\Resources\\Json\\JsonResource->toResponse(Object(Laravel\\Lumen\\Http\\Request))
#7 /var/www/html/vendor/laravel/lumen-framework/src/Concerns/RoutesRequests.php(389): Laravel\\Lumen\\Application->prepareResponse(Object(App\\Http\\Resources\\ProductResource))
#8 /var/www/html/vendor/laravel/lumen-framework/src/Concerns/RoutesRequests.php(355): Laravel\\Lumen\\Application->callControllerCallable(Array, Array)
#9 /var/www/html/vendor/laravel/lumen-framework/src/Concerns/RoutesRequests.php(329): Laravel\\Lumen\\Application->callLumenController(Object(App\\Http\\Controllers\\ProductController), 'search', Array)
#10 /var/www/html/vendor/laravel/lumen-framework/src/Concerns/RoutesRequests.php(282): Laravel\\Lumen\\Application->callControllerAction(Array)
#11 /var/www/html/vendor/laravel/lumen-framework/src/Concerns/RoutesRequests.php(267): Laravel\\Lumen\\Application->callActionOnArrayBasedRoute(Array)
#12 /var/www/html/vendor/laravel/lumen-framework/src/Concerns/RoutesRequests.php(237): Laravel\\Lumen\\Application->handleFoundRoute(Array)
#13 /var/www/html/vendor/laravel/lumen-framework/src/Concerns/RoutesRequests.php(173): Laravel\\Lumen\\Application->handleDispatcherResponse(Array)
#14 /var/www/html/vendor/laravel/lumen-framework/src/Concerns/RoutesRequests.php(429): Laravel\\Lumen\\Application->Laravel\\Lumen\\Concerns\\{closure}(Object(Laravel\\Lumen\\Http\\Request))
#15 /var/www/html/vendor/laravel/lumen-framework/src/Concerns/RoutesRequests.php(175): Laravel\\Lumen\\Application->sendThroughPipeline(Array, Object(Closure))
#16 /var/www/html/vendor/laravel/lumen-framework/src/Concerns/RoutesRequests.php(112): Laravel\\Lumen\\Application->dispatch(NULL)
#17 /var/www/html/public/index.php(28): Laravel\\Lumen\\Application->run()
#18 {main}
"} 
[2021-12-01 15:18:28] production.ERROR: Undefined index: name {"exception":"[object] (ErrorException(code: 0): Undefined index: name at /var/www/html/vendor/illuminate/http/Resources/DelegatesToResource.php:82)
[stacktrace]
#0 /var/www/html/vendor/laravel/lumen-framework/src/Concerns/RegistersExceptionHandlers.php(47): Laravel\\Lumen\\Application->handleError(8, 'Undefined index...', '/var/www/html/v...', 82)
#1 /var/www/html/vendor/illuminate/http/Resources/DelegatesToResource.php(82): Laravel\\Lumen\\Application->Laravel\\Lumen\\Concerns\\{closure}(8, 'Undefined index...', '/var/www/html/v...', 82, Array)
#2 /var/www/html/app/Http/Resources/ProductResource.php(12): Illuminate\\Http\\Resources\\Json\\JsonResource->offsetGet('name')
#3 /var/www/html/vendor/illuminate/http/Resources/Json/JsonResource.php(95): App\\Http\\Resources\\ProductResource->toArray(Object(Laravel\\Lumen\\Http\\Request))
#4 /var/www/html/vendor/illuminate/http/Resources/Json/ResourceResponse.php(39): Illuminate\\Http\\Resources\\Json\\JsonResource->resolve(Object(Laravel\\Lumen\\Http\\Request))
#5 /var/www/html/vendor/illuminate/http/Resources/Json/JsonResource.php(221): Illuminate\\Http\\Resources\\Json\\ResourceResponse->toResponse(Object(Laravel\\Lumen\\Http\\Request))
#6 /var/www/html/vendor/laravel/lumen-framework/src/Concerns/RoutesRequests.php(443): Illuminate\\Http\\Resources\\Json\\JsonResource->toResponse(Object(Laravel\\Lumen\\Http\\Request))
#7 /var/www/html/vendor/laravel/lumen-framework/src/Concerns/RoutesRequests.php(389): Laravel\\Lumen\\Application->prepareResponse(Object(App\\Http\\Resources\\ProductResource))
#8 /var/www/html/vendor/laravel/lumen-framework/src/Concerns/RoutesRequests.php(355): Laravel\\Lumen\\Application->callControllerCallable(Array, Array)
#9 /var/www/html/vendor/laravel/lumen-framework/src/Concerns/RoutesRequests.php(329): Laravel\\Lumen\\Application->callLumenController(Object(App\\Http\\Controllers\\ProductController), 'search', Array)
#10 /var/www/html/vendor/laravel/lumen-framework/src/Concerns/RoutesRequests.php(282): Laravel\\Lumen\\Application->callControllerAction(Array)
#11 /var/www/html/vendor/laravel/lumen-framework/src/Concerns/RoutesRequests.php(267): Laravel\\Lumen\\Application->callActionOnArrayBasedRoute(Array)
#12 /var/www/html/vendor/laravel/lumen-framework/src/Concerns/RoutesRequests.php(237): Laravel\\Lumen\\Application->handleFoundRoute(Array)
#13 /var/www/html/vendor/laravel/lumen-framework/src/Concerns/RoutesRequests.php(173): Laravel\\Lumen\\Application->handleDispatcherResponse(Array)
#14 /var/www/html/vendor/laravel/lumen-framework/src/Concerns/RoutesRequests.php(429): Laravel\\Lumen\\Application->Laravel\\Lumen\\Concerns\\{closure}(Object(Laravel\\Lumen\\Http\\Request))
#15 /var/www/html/vendor/laravel/lumen-framework/src/Concerns/RoutesRequests.php(175): Laravel\\Lumen\\Application->sendThroughPipeline(Array, Object(Closure))
#16 /var/www/html/vendor/laravel/lumen-framework/src/Concerns/RoutesRequests.php(112): Laravel\\Lumen\\Application->dispatch(NULL)
#17 /var/www/html/public/index.php(28): Laravel\\Lumen\\Application->run()
#18 {main}
"} 
[2021-12-01 15:27:19] production.ERROR: Trying to get property 'name' of non-object {"exception":"[object] (ErrorException(code: 0): Trying to get property 'name' of non-object at /var/www/html/vendor/illuminate/http/Resources/DelegatesToResource.php:140)
[stacktrace]
#0 /var/www/html/vendor/laravel/lumen-framework/src/Concerns/RegistersExceptionHandlers.php(47): Laravel\\Lumen\\Application->handleError(8, 'Trying to get p...', '/var/www/html/v...', 140)
#1 /var/www/html/vendor/illuminate/http/Resources/DelegatesToResource.php(140): Laravel\\Lumen\\Application->Laravel\\Lumen\\Concerns\\{closure}(8, 'Trying to get p...', '/var/www/html/v...', 140, Array)
#2 /var/www/html/app/Http/Resources/ProductResource.php(12): Illuminate\\Http\\Resources\\Json\\JsonResource->__get('name')
#3 /var/www/html/vendor/illuminate/http/Resources/Json/JsonResource.php(95): App\\Http\\Resources\\ProductResource->toArray(Object(Laravel\\Lumen\\Http\\Request))
#4 /var/www/html/vendor/illuminate/http/Resources/Json/ResourceResponse.php(39): Illuminate\\Http\\Resources\\Json\\JsonResource->resolve(Object(Laravel\\Lumen\\Http\\Request))
#5 /var/www/html/vendor/illuminate/http/Resources/Json/JsonResource.php(221): Illuminate\\Http\\Resources\\Json\\ResourceResponse->toResponse(Object(Laravel\\Lumen\\Http\\Request))
#6 /var/www/html/vendor/laravel/lumen-framework/src/Concerns/RoutesRequests.php(443): Illuminate\\Http\\Resources\\Json\\JsonResource->toResponse(Object(Laravel\\Lumen\\Http\\Request))
#7 /var/www/html/vendor/laravel/lumen-framework/src/Concerns/RoutesRequests.php(389): Laravel\\Lumen\\Application->prepareResponse(Object(App\\Http\\Resources\\ProductResource))
#8 /var/www/html/vendor/laravel/lumen-framework/src/Concerns/RoutesRequests.php(355): Laravel\\Lumen\\Application->callControllerCallable(Array, Array)
#9 /var/www/html/vendor/laravel/lumen-framework/src/Concerns/RoutesRequests.php(329): Laravel\\Lumen\\Application->callLumenController(Object(App\\Http\\Controllers\\ProductController), 'search', Array)
#10 /var/www/html/vendor/laravel/lumen-framework/src/Concerns/RoutesRequests.php(282): Laravel\\Lumen\\Application->callControllerAction(Array)
#11 /var/www/html/vendor/laravel/lumen-framework/src/Concerns/RoutesRequests.php(267): Laravel\\Lumen\\Application->callActionOnArrayBasedRoute(Array)
#12 /var/www/html/vendor/laravel/lumen-framework/src/Concerns/RoutesRequests.php(237): Laravel\\Lumen\\Application->handleFoundRoute(Array)
#13 /var/www/html/vendor/laravel/lumen-framework/src/Concerns/RoutesRequests.php(173): Laravel\\Lumen\\Application->handleDispatcherResponse(Array)
#14 /var/www/html/vendor/laravel/lumen-framework/src/Concerns/RoutesRequests.php(429): Laravel\\Lumen\\Application->Laravel\\Lumen\\Concerns\\{closure}(Object(Laravel\\Lumen\\Http\\Request))
#15 /var/www/html/vendor/laravel/lumen-framework/src/Concerns/RoutesRequests.php(175): Laravel\\Lumen\\Application->sendThroughPipeline(Array, Object(Closure))
#16 /var/www/html/vendor/laravel/lumen-framework/src/Concerns/RoutesRequests.php(112): Laravel\\Lumen\\Application->dispatch(NULL)
#17 /var/www/html/public/index.php(28): Laravel\\Lumen\\Application->run()
#18 {main}
"} 
