[2021-12-06 11:44:11] production.ERROR: Database (/var/www/html/database/sqlite.db) does not exist. (SQL: select * from sqlite_master where type = 'table' and name = migrations) {"exception":"[object] (Illuminate\\Database\\QueryException(code: 0): Database (/var/www/html/database/sqlite.db) does not exist. (SQL: select * from sqlite_master where type = 'table' and name = migrations) at /var/www/html/vendor/illuminate/database/Connection.php:703)
[stacktrace]
#0 /var/www/html/vendor/illuminate/database/Connection.php(663): Illuminate\\Database\\Connection->runQueryCallback('select * from s...', Array, Object(Closure))
#1 /var/www/html/vendor/illuminate/database/Connection.php(367): Illuminate\\Database\\Connection->run('select * from s...', Array, Object(Closure))
#2 /var/www/html/vendor/illuminate/database/Connection.php(337): Illuminate\\Database\\Connection->select('select * from s...', Array, false)
#3 /var/www/html/vendor/illuminate/database/Schema/Builder.php(136): Illuminate\\Database\\Connection->selectFromWriteConnection('select * from s...', Array)
#4 /var/www/html/vendor/illuminate/database/Migrations/DatabaseMigrationRepository.php(169): Illuminate\\Database\\Schema\\Builder->hasTable('migrations')
#5 /var/www/html/vendor/illuminate/database/Migrations/Migrator.php(652): Illuminate\\Database\\Migrations\\DatabaseMigrationRepository->repositoryExists()
#6 /var/www/html/vendor/illuminate/database/Console/Migrations/MigrateCommand.php(106): Illuminate\\Database\\Migrations\\Migrator->repositoryExists()
#7 /var/www/html/vendor/illuminate/database/Console/Migrations/MigrateCommand.php(77): Illuminate\\Database\\Console\\Migrations\\MigrateCommand->prepareDatabase()
#8 /var/www/html/vendor/illuminate/database/Migrations/Migrator.php(585): Illuminate\\Database\\Console\\Migrations\\MigrateCommand->Illuminate\\Database\\Console\\Migrations\\{closure}()
#9 /var/www/html/vendor/illuminate/database/Console/Migrations/MigrateCommand.php(94): Illuminate\\Database\\Migrations\\Migrator->usingConnection(NULL, Object(Closure))
#10 /var/www/html/vendor/illuminate/container/BoundMethod.php(36): Illuminate\\Database\\Console\\Migrations\\MigrateCommand->handle()
#11 /var/www/html/vendor/illuminate/container/Util.php(40): Illuminate\\Container\\BoundMethod::Illuminate\\Container\\{closure}()
#12 /var/www/html/vendor/illuminate/container/BoundMethod.php(93): Illuminate\\Container\\Util::unwrapIfClosure(Object(Closure))
#13 /var/www/html/vendor/illuminate/container/BoundMethod.php(37): Illuminate\\Container\\BoundMethod::callBoundMethod(Object(Laravel\\Lumen\\Application), Array, Object(Closure))
#14 /var/www/html/vendor/illuminate/container/Container.php(653): Illuminate\\Container\\BoundMethod::call(Object(Laravel\\Lumen\\Application), Array, Array, NULL)
#15 /var/www/html/vendor/illuminate/console/Command.php(136): Illuminate\\Container\\Container->call(Array)
#16 /var/www/html/vendor/symfony/console/Command/Command.php(298): Illuminate\\Console\\Command->execute(Object(Symfony\\Component\\Console\\Input\\ArgvInput), Object(Illuminate\\Console\\OutputStyle))
#17 /var/www/html/vendor/illuminate/console/Command.php(121): Symfony\\Component\\Console\\Command\\Command->run(Object(Symfony\\Component\\Console\\Input\\ArgvInput), Object(Illuminate\\Console\\OutputStyle))
#18 /var/www/html/vendor/symfony/console/Application.php(1005): Illuminate\\Console\\Command->run(Object(Symfony\\Component\\Console\\Input\\ArgvInput), Object(Symfony\\Component\\Console\\Output\\ConsoleOutput))
#19 /var/www/html/vendor/symfony/console/Application.php(299): Symfony\\Component\\Console\\Application->doRunCommand(Object(Illuminate\\Database\\Console\\Migrations\\MigrateCommand), Object(Symfony\\Component\\Console\\Input\\ArgvInput), Object(Symfony\\Component\\Console\\Output\\ConsoleOutput))
#20 /var/www/html/vendor/symfony/console/Application.php(171): Symfony\\Component\\Console\\Application->doRun(Object(Symfony\\Component\\Console\\Input\\ArgvInput), Object(Symfony\\Component\\Console\\Output\\ConsoleOutput))
#21 /var/www/html/vendor/illuminate/console/Application.php(94): Symfony\\Component\\Console\\Application->run(Object(Symfony\\Component\\Console\\Input\\ArgvInput), Object(Symfony\\Component\\Console\\Output\\ConsoleOutput))
#22 /var/www/html/vendor/laravel/lumen-framework/src/Console/Kernel.php(116): Illuminate\\Console\\Application->run(Object(Symfony\\Component\\Console\\Input\\ArgvInput), Object(Symfony\\Component\\Console\\Output\\ConsoleOutput))
#23 /var/www/html/artisan(35): Laravel\\Lumen\\Console\\Kernel->handle(Object(Symfony\\Component\\Console\\Input\\ArgvInput), Object(Symfony\\Component\\Console\\Output\\ConsoleOutput))
#24 {main}

[previous exception] [object] (InvalidArgumentException(code: 0): Database (/var/www/html/database/sqlite.db) does not exist. at /var/www/html/vendor/illuminate/database/Connectors/SQLiteConnector.php:34)
[stacktrace]
#0 /var/www/html/vendor/illuminate/database/Connectors/ConnectionFactory.php(222): Illuminate\\Database\\Connectors\\SQLiteConnector->connect(Array)
#1 [internal function]: Illuminate\\Database\\Connectors\\ConnectionFactory->Illuminate\\Database\\Connectors\\{closure}()
#2 /var/www/html/vendor/illuminate/database/Connection.php(1021): call_user_func(Object(Closure))
#3 /var/www/html/vendor/illuminate/database/Connection.php(433): Illuminate\\Database\\Connection->getPdo()
#4 /var/www/html/vendor/illuminate/database/Connection.php(359): Illuminate\\Database\\Connection->getPdoForSelect(false)
#5 /var/www/html/vendor/illuminate/database/Connection.php(696): Illuminate\\Database\\Connection->Illuminate\\Database\\{closure}('select * from s...', Array)
#6 /var/www/html/vendor/illuminate/database/Connection.php(663): Illuminate\\Database\\Connection->runQueryCallback('select * from s...', Array, Object(Closure))
#7 /var/www/html/vendor/illuminate/database/Connection.php(367): Illuminate\\Database\\Connection->run('select * from s...', Array, Object(Closure))
#8 /var/www/html/vendor/illuminate/database/Connection.php(337): Illuminate\\Database\\Connection->select('select * from s...', Array, false)
#9 /var/www/html/vendor/illuminate/database/Schema/Builder.php(136): Illuminate\\Database\\Connection->selectFromWriteConnection('select * from s...', Array)
#10 /var/www/html/vendor/illuminate/database/Migrations/DatabaseMigrationRepository.php(169): Illuminate\\Database\\Schema\\Builder->hasTable('migrations')
#11 /var/www/html/vendor/illuminate/database/Migrations/Migrator.php(652): Illuminate\\Database\\Migrations\\DatabaseMigrationRepository->repositoryExists()
#12 /var/www/html/vendor/illuminate/database/Console/Migrations/MigrateCommand.php(106): Illuminate\\Database\\Migrations\\Migrator->repositoryExists()
#13 /var/www/html/vendor/illuminate/database/Console/Migrations/MigrateCommand.php(77): Illuminate\\Database\\Console\\Migrations\\MigrateCommand->prepareDatabase()
#14 /var/www/html/vendor/illuminate/database/Migrations/Migrator.php(585): Illuminate\\Database\\Console\\Migrations\\MigrateCommand->Illuminate\\Database\\Console\\Migrations\\{closure}()
#15 /var/www/html/vendor/illuminate/database/Console/Migrations/MigrateCommand.php(94): Illuminate\\Database\\Migrations\\Migrator->usingConnection(NULL, Object(Closure))
#16 /var/www/html/vendor/illuminate/container/BoundMethod.php(36): Illuminate\\Database\\Console\\Migrations\\MigrateCommand->handle()
#17 /var/www/html/vendor/illuminate/container/Util.php(40): Illuminate\\Container\\BoundMethod::Illuminate\\Container\\{closure}()
#18 /var/www/html/vendor/illuminate/container/BoundMethod.php(93): Illuminate\\Container\\Util::unwrapIfClosure(Object(Closure))
#19 /var/www/html/vendor/illuminate/container/BoundMethod.php(37): Illuminate\\Container\\BoundMethod::callBoundMethod(Object(Laravel\\Lumen\\Application), Array, Object(Closure))
#20 /var/www/html/vendor/illuminate/container/Container.php(653): Illuminate\\Container\\BoundMethod::call(Object(Laravel\\Lumen\\Application), Array, Array, NULL)
#21 /var/www/html/vendor/illuminate/console/Command.php(136): Illuminate\\Container\\Container->call(Array)
#22 /var/www/html/vendor/symfony/console/Command/Command.php(298): Illuminate\\Console\\Command->execute(Object(Symfony\\Component\\Console\\Input\\ArgvInput), Object(Illuminate\\Console\\OutputStyle))
#23 /var/www/html/vendor/illuminate/console/Command.php(121): Symfony\\Component\\Console\\Command\\Command->run(Object(Symfony\\Component\\Console\\Input\\ArgvInput), Object(Illuminate\\Console\\OutputStyle))
#24 /var/www/html/vendor/symfony/console/Application.php(1005): Illuminate\\Console\\Command->run(Object(Symfony\\Component\\Console\\Input\\ArgvInput), Object(Symfony\\Component\\Console\\Output\\ConsoleOutput))
#25 /var/www/html/vendor/symfony/console/Application.php(299): Symfony\\Component\\Console\\Application->doRunCommand(Object(Illuminate\\Database\\Console\\Migrations\\MigrateCommand), Object(Symfony\\Component\\Console\\Input\\ArgvInput), Object(Symfony\\Component\\Console\\Output\\ConsoleOutput))
#26 /var/www/html/vendor/symfony/console/Application.php(171): Symfony\\Component\\Console\\Application->doRun(Object(Symfony\\Component\\Console\\Input\\ArgvInput), Object(Symfony\\Component\\Console\\Output\\ConsoleOutput))
#27 /var/www/html/vendor/illuminate/console/Application.php(94): Symfony\\Component\\Console\\Application->run(Object(Symfony\\Component\\Console\\Input\\ArgvInput), Object(Symfony\\Component\\Console\\Output\\ConsoleOutput))
#28 /var/www/html/vendor/laravel/lumen-framework/src/Console/Kernel.php(116): Illuminate\\Console\\Application->run(Object(Symfony\\Component\\Console\\Input\\ArgvInput), Object(Symfony\\Component\\Console\\Output\\ConsoleOutput))
#29 /var/www/html/artisan(35): Laravel\\Lumen\\Console\\Kernel->handle(Object(Symfony\\Component\\Console\\Input\\ArgvInput), Object(Symfony\\Component\\Console\\Output\\ConsoleOutput))
#30 {main}
"} 
[2021-12-06 11:44:11] production.ERROR: syntax error, unexpected 'static' (T_STATIC) {"exception":"[object] (ParseError(code: 0): syntax error, unexpected 'static' (T_STATIC) at /var/www/html/vendor/symfony/string/UnicodeString.php:44)
[stacktrace]
#0 /var/www/html/vendor/composer/ClassLoader.php(428): Composer\\Autoload\\includeFile('/var/www/html/v...')
#1 [internal function]: Composer\\Autoload\\ClassLoader->loadClass('Symfony\\\\Compone...')
#2 /var/www/html/vendor/symfony/console/Helper/Helper.php(65): spl_autoload_call('Symfony\\\\Compone...')
#3 /var/www/html/vendor/symfony/console/Application.php(860): Symfony\\Component\\Console\\Helper\\Helper::width('Database (/var/...')
#4 /var/www/html/vendor/symfony/console/Application.php(829): Symfony\\Component\\Console\\Application->doRenderThrowable(Object(Illuminate\\Database\\QueryException), Object(Symfony\\Component\\Console\\Output\\ConsoleOutput))
#5 /var/www/html/vendor/laravel/lumen-framework/src/Exceptions/Handler.php(202): Symfony\\Component\\Console\\Application->renderThrowable(Object(Illuminate\\Database\\QueryException), Object(Symfony\\Component\\Console\\Output\\ConsoleOutput))
#6 /var/www/html/vendor/laravel/lumen-framework/src/Console/Kernel.php(250): Laravel\\Lumen\\Exceptions\\Handler->renderForConsole(Object(Symfony\\Component\\Console\\Output\\ConsoleOutput), Object(Illuminate\\Database\\QueryException))
#7 /var/www/html/vendor/laravel/lumen-framework/src/Console/Kernel.php(120): Laravel\\Lumen\\Console\\Kernel->renderException(Object(Symfony\\Component\\Console\\Output\\ConsoleOutput), Object(Illuminate\\Database\\QueryException))
#8 /var/www/html/artisan(35): Laravel\\Lumen\\Console\\Kernel->handle(Object(Symfony\\Component\\Console\\Input\\ArgvInput), Object(Symfony\\Component\\Console\\Output\\ConsoleOutput))
#9 {main}
"} 
[2021-12-06 11:44:11] production.ERROR: Exception thrown without a stack frame {"exception":"[object] (Symfony\\Component\\ErrorHandler\\Error\\FatalError(code: 0): Exception thrown without a stack frame at Unknown:0)
[stacktrace]
#0 {main}
"} 
[2021-12-06 13:05:45] production.ERROR: Database (/var/www/html/database/sqlite.db) does not exist. (SQL: select * from sqlite_master where type = 'table' and name = migrations) {"exception":"[object] (Illuminate\\Database\\QueryException(code: 0): Database (/var/www/html/database/sqlite.db) does not exist. (SQL: select * from sqlite_master where type = 'table' and name = migrations) at /var/www/html/vendor/illuminate/database/Connection.php:703)
[stacktrace]
#0 /var/www/html/vendor/illuminate/database/Connection.php(663): Illuminate\\Database\\Connection->runQueryCallback('select * from s...', Array, Object(Closure))
#1 /var/www/html/vendor/illuminate/database/Connection.php(367): Illuminate\\Database\\Connection->run('select * from s...', Array, Object(Closure))
#2 /var/www/html/vendor/illuminate/database/Connection.php(337): Illuminate\\Database\\Connection->select('select * from s...', Array, false)
#3 /var/www/html/vendor/illuminate/database/Schema/Builder.php(136): Illuminate\\Database\\Connection->selectFromWriteConnection('select * from s...', Array)
#4 /var/www/html/vendor/illuminate/database/Migrations/DatabaseMigrationRepository.php(169): Illuminate\\Database\\Schema\\Builder->hasTable('migrations')
#5 /var/www/html/vendor/illuminate/database/Migrations/Migrator.php(652): Illuminate\\Database\\Migrations\\DatabaseMigrationRepository->repositoryExists()
#6 /var/www/html/vendor/illuminate/database/Console/Migrations/MigrateCommand.php(106): Illuminate\\Database\\Migrations\\Migrator->repositoryExists()
#7 /var/www/html/vendor/illuminate/database/Console/Migrations/MigrateCommand.php(77): Illuminate\\Database\\Console\\Migrations\\MigrateCommand->prepareDatabase()
#8 /var/www/html/vendor/illuminate/database/Migrations/Migrator.php(585): Illuminate\\Database\\Console\\Migrations\\MigrateCommand->Illuminate\\Database\\Console\\Migrations\\{closure}()
#9 /var/www/html/vendor/illuminate/database/Console/Migrations/MigrateCommand.php(94): Illuminate\\Database\\Migrations\\Migrator->usingConnection(NULL, Object(Closure))
#10 /var/www/html/vendor/illuminate/container/BoundMethod.php(36): Illuminate\\Database\\Console\\Migrations\\MigrateCommand->handle()
#11 /var/www/html/vendor/illuminate/container/Util.php(40): Illuminate\\Container\\BoundMethod::Illuminate\\Container\\{closure}()
#12 /var/www/html/vendor/illuminate/container/BoundMethod.php(93): Illuminate\\Container\\Util::unwrapIfClosure(Object(Closure))
#13 /var/www/html/vendor/illuminate/container/BoundMethod.php(37): Illuminate\\Container\\BoundMethod::callBoundMethod(Object(Laravel\\Lumen\\Application), Array, Object(Closure))
#14 /var/www/html/vendor/illuminate/container/Container.php(653): Illuminate\\Container\\BoundMethod::call(Object(Laravel\\Lumen\\Application), Array, Array, NULL)
#15 /var/www/html/vendor/illuminate/console/Command.php(136): Illuminate\\Container\\Container->call(Array)
#16 /var/www/html/vendor/symfony/console/Command/Command.php(298): Illuminate\\Console\\Command->execute(Object(Symfony\\Component\\Console\\Input\\ArgvInput), Object(Illuminate\\Console\\OutputStyle))
#17 /var/www/html/vendor/illuminate/console/Command.php(121): Symfony\\Component\\Console\\Command\\Command->run(Object(Symfony\\Component\\Console\\Input\\ArgvInput), Object(Illuminate\\Console\\OutputStyle))
#18 /var/www/html/vendor/symfony/console/Application.php(1005): Illuminate\\Console\\Command->run(Object(Symfony\\Component\\Console\\Input\\ArgvInput), Object(Symfony\\Component\\Console\\Output\\ConsoleOutput))
#19 /var/www/html/vendor/symfony/console/Application.php(299): Symfony\\Component\\Console\\Application->doRunCommand(Object(Illuminate\\Database\\Console\\Migrations\\MigrateCommand), Object(Symfony\\Component\\Console\\Input\\ArgvInput), Object(Symfony\\Component\\Console\\Output\\ConsoleOutput))
#20 /var/www/html/vendor/symfony/console/Application.php(171): Symfony\\Component\\Console\\Application->doRun(Object(Symfony\\Component\\Console\\Input\\ArgvInput), Object(Symfony\\Component\\Console\\Output\\ConsoleOutput))
#21 /var/www/html/vendor/illuminate/console/Application.php(94): Symfony\\Component\\Console\\Application->run(Object(Symfony\\Component\\Console\\Input\\ArgvInput), Object(Symfony\\Component\\Console\\Output\\ConsoleOutput))
#22 /var/www/html/vendor/laravel/lumen-framework/src/Console/Kernel.php(116): Illuminate\\Console\\Application->run(Object(Symfony\\Component\\Console\\Input\\ArgvInput), Object(Symfony\\Component\\Console\\Output\\ConsoleOutput))
#23 /var/www/html/artisan(35): Laravel\\Lumen\\Console\\Kernel->handle(Object(Symfony\\Component\\Console\\Input\\ArgvInput), Object(Symfony\\Component\\Console\\Output\\ConsoleOutput))
#24 {main}

[previous exception] [object] (InvalidArgumentException(code: 0): Database (/var/www/html/database/sqlite.db) does not exist. at /var/www/html/vendor/illuminate/database/Connectors/SQLiteConnector.php:34)
[stacktrace]
#0 /var/www/html/vendor/illuminate/database/Connectors/ConnectionFactory.php(222): Illuminate\\Database\\Connectors\\SQLiteConnector->connect(Array)
#1 [internal function]: Illuminate\\Database\\Connectors\\ConnectionFactory->Illuminate\\Database\\Connectors\\{closure}()
#2 /var/www/html/vendor/illuminate/database/Connection.php(1021): call_user_func(Object(Closure))
#3 /var/www/html/vendor/illuminate/database/Connection.php(433): Illuminate\\Database\\Connection->getPdo()
#4 /var/www/html/vendor/illuminate/database/Connection.php(359): Illuminate\\Database\\Connection->getPdoForSelect(false)
#5 /var/www/html/vendor/illuminate/database/Connection.php(696): Illuminate\\Database\\Connection->Illuminate\\Database\\{closure}('select * from s...', Array)
#6 /var/www/html/vendor/illuminate/database/Connection.php(663): Illuminate\\Database\\Connection->runQueryCallback('select * from s...', Array, Object(Closure))
#7 /var/www/html/vendor/illuminate/database/Connection.php(367): Illuminate\\Database\\Connection->run('select * from s...', Array, Object(Closure))
#8 /var/www/html/vendor/illuminate/database/Connection.php(337): Illuminate\\Database\\Connection->select('select * from s...', Array, false)
#9 /var/www/html/vendor/illuminate/database/Schema/Builder.php(136): Illuminate\\Database\\Connection->selectFromWriteConnection('select * from s...', Array)
#10 /var/www/html/vendor/illuminate/database/Migrations/DatabaseMigrationRepository.php(169): Illuminate\\Database\\Schema\\Builder->hasTable('migrations')
#11 /var/www/html/vendor/illuminate/database/Migrations/Migrator.php(652): Illuminate\\Database\\Migrations\\DatabaseMigrationRepository->repositoryExists()
#12 /var/www/html/vendor/illuminate/database/Console/Migrations/MigrateCommand.php(106): Illuminate\\Database\\Migrations\\Migrator->repositoryExists()
#13 /var/www/html/vendor/illuminate/database/Console/Migrations/MigrateCommand.php(77): Illuminate\\Database\\Console\\Migrations\\MigrateCommand->prepareDatabase()
#14 /var/www/html/vendor/illuminate/database/Migrations/Migrator.php(585): Illuminate\\Database\\Console\\Migrations\\MigrateCommand->Illuminate\\Database\\Console\\Migrations\\{closure}()
#15 /var/www/html/vendor/illuminate/database/Console/Migrations/MigrateCommand.php(94): Illuminate\\Database\\Migrations\\Migrator->usingConnection(NULL, Object(Closure))
#16 /var/www/html/vendor/illuminate/container/BoundMethod.php(36): Illuminate\\Database\\Console\\Migrations\\MigrateCommand->handle()
#17 /var/www/html/vendor/illuminate/container/Util.php(40): Illuminate\\Container\\BoundMethod::Illuminate\\Container\\{closure}()
#18 /var/www/html/vendor/illuminate/container/BoundMethod.php(93): Illuminate\\Container\\Util::unwrapIfClosure(Object(Closure))
#19 /var/www/html/vendor/illuminate/container/BoundMethod.php(37): Illuminate\\Container\\BoundMethod::callBoundMethod(Object(Laravel\\Lumen\\Application), Array, Object(Closure))
#20 /var/www/html/vendor/illuminate/container/Container.php(653): Illuminate\\Container\\BoundMethod::call(Object(Laravel\\Lumen\\Application), Array, Array, NULL)
#21 /var/www/html/vendor/illuminate/console/Command.php(136): Illuminate\\Container\\Container->call(Array)
#22 /var/www/html/vendor/symfony/console/Command/Command.php(298): Illuminate\\Console\\Command->execute(Object(Symfony\\Component\\Console\\Input\\ArgvInput), Object(Illuminate\\Console\\OutputStyle))
#23 /var/www/html/vendor/illuminate/console/Command.php(121): Symfony\\Component\\Console\\Command\\Command->run(Object(Symfony\\Component\\Console\\Input\\ArgvInput), Object(Illuminate\\Console\\OutputStyle))
#24 /var/www/html/vendor/symfony/console/Application.php(1005): Illuminate\\Console\\Command->run(Object(Symfony\\Component\\Console\\Input\\ArgvInput), Object(Symfony\\Component\\Console\\Output\\ConsoleOutput))
#25 /var/www/html/vendor/symfony/console/Application.php(299): Symfony\\Component\\Console\\Application->doRunCommand(Object(Illuminate\\Database\\Console\\Migrations\\MigrateCommand), Object(Symfony\\Component\\Console\\Input\\ArgvInput), Object(Symfony\\Component\\Console\\Output\\ConsoleOutput))
#26 /var/www/html/vendor/symfony/console/Application.php(171): Symfony\\Component\\Console\\Application->doRun(Object(Symfony\\Component\\Console\\Input\\ArgvInput), Object(Symfony\\Component\\Console\\Output\\ConsoleOutput))
#27 /var/www/html/vendor/illuminate/console/Application.php(94): Symfony\\Component\\Console\\Application->run(Object(Symfony\\Component\\Console\\Input\\ArgvInput), Object(Symfony\\Component\\Console\\Output\\ConsoleOutput))
#28 /var/www/html/vendor/laravel/lumen-framework/src/Console/Kernel.php(116): Illuminate\\Console\\Application->run(Object(Symfony\\Component\\Console\\Input\\ArgvInput), Object(Symfony\\Component\\Console\\Output\\ConsoleOutput))
#29 /var/www/html/artisan(35): Laravel\\Lumen\\Console\\Kernel->handle(Object(Symfony\\Component\\Console\\Input\\ArgvInput), Object(Symfony\\Component\\Console\\Output\\ConsoleOutput))
#30 {main}
"} 
[2021-12-06 13:05:45] production.ERROR: syntax error, unexpected 'static' (T_STATIC) {"exception":"[object] (ParseError(code: 0): syntax error, unexpected 'static' (T_STATIC) at /var/www/html/vendor/symfony/string/UnicodeString.php:44)
[stacktrace]
#0 /var/www/html/vendor/composer/ClassLoader.php(428): Composer\\Autoload\\includeFile('/var/www/html/v...')
#1 [internal function]: Composer\\Autoload\\ClassLoader->loadClass('Symfony\\\\Compone...')
#2 /var/www/html/vendor/symfony/console/Helper/Helper.php(65): spl_autoload_call('Symfony\\\\Compone...')
#3 /var/www/html/vendor/symfony/console/Application.php(860): Symfony\\Component\\Console\\Helper\\Helper::width('Database (/var/...')
#4 /var/www/html/vendor/symfony/console/Application.php(829): Symfony\\Component\\Console\\Application->doRenderThrowable(Object(Illuminate\\Database\\QueryException), Object(Symfony\\Component\\Console\\Output\\ConsoleOutput))
#5 /var/www/html/vendor/laravel/lumen-framework/src/Exceptions/Handler.php(202): Symfony\\Component\\Console\\Application->renderThrowable(Object(Illuminate\\Database\\QueryException), Object(Symfony\\Component\\Console\\Output\\ConsoleOutput))
#6 /var/www/html/vendor/laravel/lumen-framework/src/Console/Kernel.php(250): Laravel\\Lumen\\Exceptions\\Handler->renderForConsole(Object(Symfony\\Component\\Console\\Output\\ConsoleOutput), Object(Illuminate\\Database\\QueryException))
#7 /var/www/html/vendor/laravel/lumen-framework/src/Console/Kernel.php(120): Laravel\\Lumen\\Console\\Kernel->renderException(Object(Symfony\\Component\\Console\\Output\\ConsoleOutput), Object(Illuminate\\Database\\QueryException))
#8 /var/www/html/artisan(35): Laravel\\Lumen\\Console\\Kernel->handle(Object(Symfony\\Component\\Console\\Input\\ArgvInput), Object(Symfony\\Component\\Console\\Output\\ConsoleOutput))
#9 {main}
"} 
[2021-12-06 13:05:45] production.ERROR: Exception thrown without a stack frame {"exception":"[object] (Symfony\\Component\\ErrorHandler\\Error\\FatalError(code: 0): Exception thrown without a stack frame at Unknown:0)
[stacktrace]
#0 {main}
"} 
[2021-12-06 13:06:37] production.ERROR: Database (/var/www/html/database/sqlite.db) does not exist. (SQL: select * from sqlite_master where type = 'table' and name = migrations) {"exception":"[object] (Illuminate\\Database\\QueryException(code: 0): Database (/var/www/html/database/sqlite.db) does not exist. (SQL: select * from sqlite_master where type = 'table' and name = migrations) at /var/www/html/vendor/illuminate/database/Connection.php:703)
[stacktrace]
#0 /var/www/html/vendor/illuminate/database/Connection.php(663): Illuminate\\Database\\Connection->runQueryCallback('select * from s...', Array, Object(Closure))
#1 /var/www/html/vendor/illuminate/database/Connection.php(367): Illuminate\\Database\\Connection->run('select * from s...', Array, Object(Closure))
#2 /var/www/html/vendor/illuminate/database/Connection.php(337): Illuminate\\Database\\Connection->select('select * from s...', Array, false)
#3 /var/www/html/vendor/illuminate/database/Schema/Builder.php(136): Illuminate\\Database\\Connection->selectFromWriteConnection('select * from s...', Array)
#4 /var/www/html/vendor/illuminate/database/Migrations/DatabaseMigrationRepository.php(169): Illuminate\\Database\\Schema\\Builder->hasTable('migrations')
#5 /var/www/html/vendor/illuminate/database/Migrations/Migrator.php(652): Illuminate\\Database\\Migrations\\DatabaseMigrationRepository->repositoryExists()
#6 /var/www/html/vendor/illuminate/database/Console/Migrations/MigrateCommand.php(106): Illuminate\\Database\\Migrations\\Migrator->repositoryExists()
#7 /var/www/html/vendor/illuminate/database/Console/Migrations/MigrateCommand.php(77): Illuminate\\Database\\Console\\Migrations\\MigrateCommand->prepareDatabase()
#8 /var/www/html/vendor/illuminate/database/Migrations/Migrator.php(585): Illuminate\\Database\\Console\\Migrations\\MigrateCommand->Illuminate\\Database\\Console\\Migrations\\{closure}()
#9 /var/www/html/vendor/illuminate/database/Console/Migrations/MigrateCommand.php(94): Illuminate\\Database\\Migrations\\Migrator->usingConnection(NULL, Object(Closure))
#10 /var/www/html/vendor/illuminate/container/BoundMethod.php(36): Illuminate\\Database\\Console\\Migrations\\MigrateCommand->handle()
#11 /var/www/html/vendor/illuminate/container/Util.php(40): Illuminate\\Container\\BoundMethod::Illuminate\\Container\\{closure}()
#12 /var/www/html/vendor/illuminate/container/BoundMethod.php(93): Illuminate\\Container\\Util::unwrapIfClosure(Object(Closure))
#13 /var/www/html/vendor/illuminate/container/BoundMethod.php(37): Illuminate\\Container\\BoundMethod::callBoundMethod(Object(Laravel\\Lumen\\Application), Array, Object(Closure))
#14 /var/www/html/vendor/illuminate/container/Container.php(653): Illuminate\\Container\\BoundMethod::call(Object(Laravel\\Lumen\\Application), Array, Array, NULL)
#15 /var/www/html/vendor/illuminate/console/Command.php(136): Illuminate\\Container\\Container->call(Array)
#16 /var/www/html/vendor/symfony/console/Command/Command.php(298): Illuminate\\Console\\Command->execute(Object(Symfony\\Component\\Console\\Input\\ArgvInput), Object(Illuminate\\Console\\OutputStyle))
#17 /var/www/html/vendor/illuminate/console/Command.php(121): Symfony\\Component\\Console\\Command\\Command->run(Object(Symfony\\Component\\Console\\Input\\ArgvInput), Object(Illuminate\\Console\\OutputStyle))
#18 /var/www/html/vendor/symfony/console/Application.php(1005): Illuminate\\Console\\Command->run(Object(Symfony\\Component\\Console\\Input\\ArgvInput), Object(Symfony\\Component\\Console\\Output\\ConsoleOutput))
#19 /var/www/html/vendor/symfony/console/Application.php(299): Symfony\\Component\\Console\\Application->doRunCommand(Object(Illuminate\\Database\\Console\\Migrations\\MigrateCommand), Object(Symfony\\Component\\Console\\Input\\ArgvInput), Object(Symfony\\Component\\Console\\Output\\ConsoleOutput))
#20 /var/www/html/vendor/symfony/console/Application.php(171): Symfony\\Component\\Console\\Application->doRun(Object(Symfony\\Component\\Console\\Input\\ArgvInput), Object(Symfony\\Component\\Console\\Output\\ConsoleOutput))
#21 /var/www/html/vendor/illuminate/console/Application.php(94): Symfony\\Component\\Console\\Application->run(Object(Symfony\\Component\\Console\\Input\\ArgvInput), Object(Symfony\\Component\\Console\\Output\\ConsoleOutput))
#22 /var/www/html/vendor/laravel/lumen-framework/src/Console/Kernel.php(116): Illuminate\\Console\\Application->run(Object(Symfony\\Component\\Console\\Input\\ArgvInput), Object(Symfony\\Component\\Console\\Output\\ConsoleOutput))
#23 /var/www/html/artisan(35): Laravel\\Lumen\\Console\\Kernel->handle(Object(Symfony\\Component\\Console\\Input\\ArgvInput), Object(Symfony\\Component\\Console\\Output\\ConsoleOutput))
#24 {main}

[previous exception] [object] (InvalidArgumentException(code: 0): Database (/var/www/html/database/sqlite.db) does not exist. at /var/www/html/vendor/illuminate/database/Connectors/SQLiteConnector.php:34)
[stacktrace]
#0 /var/www/html/vendor/illuminate/database/Connectors/ConnectionFactory.php(222): Illuminate\\Database\\Connectors\\SQLiteConnector->connect(Array)
#1 [internal function]: Illuminate\\Database\\Connectors\\ConnectionFactory->Illuminate\\Database\\Connectors\\{closure}()
#2 /var/www/html/vendor/illuminate/database/Connection.php(1021): call_user_func(Object(Closure))
#3 /var/www/html/vendor/illuminate/database/Connection.php(433): Illuminate\\Database\\Connection->getPdo()
#4 /var/www/html/vendor/illuminate/database/Connection.php(359): Illuminate\\Database\\Connection->getPdoForSelect(false)
#5 /var/www/html/vendor/illuminate/database/Connection.php(696): Illuminate\\Database\\Connection->Illuminate\\Database\\{closure}('select * from s...', Array)
#6 /var/www/html/vendor/illuminate/database/Connection.php(663): Illuminate\\Database\\Connection->runQueryCallback('select * from s...', Array, Object(Closure))
#7 /var/www/html/vendor/illuminate/database/Connection.php(367): Illuminate\\Database\\Connection->run('select * from s...', Array, Object(Closure))
#8 /var/www/html/vendor/illuminate/database/Connection.php(337): Illuminate\\Database\\Connection->select('select * from s...', Array, false)
#9 /var/www/html/vendor/illuminate/database/Schema/Builder.php(136): Illuminate\\Database\\Connection->selectFromWriteConnection('select * from s...', Array)
#10 /var/www/html/vendor/illuminate/database/Migrations/DatabaseMigrationRepository.php(169): Illuminate\\Database\\Schema\\Builder->hasTable('migrations')
#11 /var/www/html/vendor/illuminate/database/Migrations/Migrator.php(652): Illuminate\\Database\\Migrations\\DatabaseMigrationRepository->repositoryExists()
#12 /var/www/html/vendor/illuminate/database/Console/Migrations/MigrateCommand.php(106): Illuminate\\Database\\Migrations\\Migrator->repositoryExists()
#13 /var/www/html/vendor/illuminate/database/Console/Migrations/MigrateCommand.php(77): Illuminate\\Database\\Console\\Migrations\\MigrateCommand->prepareDatabase()
#14 /var/www/html/vendor/illuminate/database/Migrations/Migrator.php(585): Illuminate\\Database\\Console\\Migrations\\MigrateCommand->Illuminate\\Database\\Console\\Migrations\\{closure}()
#15 /var/www/html/vendor/illuminate/database/Console/Migrations/MigrateCommand.php(94): Illuminate\\Database\\Migrations\\Migrator->usingConnection(NULL, Object(Closure))
#16 /var/www/html/vendor/illuminate/container/BoundMethod.php(36): Illuminate\\Database\\Console\\Migrations\\MigrateCommand->handle()
#17 /var/www/html/vendor/illuminate/container/Util.php(40): Illuminate\\Container\\BoundMethod::Illuminate\\Container\\{closure}()
#18 /var/www/html/vendor/illuminate/container/BoundMethod.php(93): Illuminate\\Container\\Util::unwrapIfClosure(Object(Closure))
#19 /var/www/html/vendor/illuminate/container/BoundMethod.php(37): Illuminate\\Container\\BoundMethod::callBoundMethod(Object(Laravel\\Lumen\\Application), Array, Object(Closure))
#20 /var/www/html/vendor/illuminate/container/Container.php(653): Illuminate\\Container\\BoundMethod::call(Object(Laravel\\Lumen\\Application), Array, Array, NULL)
#21 /var/www/html/vendor/illuminate/console/Command.php(136): Illuminate\\Container\\Container->call(Array)
#22 /var/www/html/vendor/symfony/console/Command/Command.php(298): Illuminate\\Console\\Command->execute(Object(Symfony\\Component\\Console\\Input\\ArgvInput), Object(Illuminate\\Console\\OutputStyle))
#23 /var/www/html/vendor/illuminate/console/Command.php(121): Symfony\\Component\\Console\\Command\\Command->run(Object(Symfony\\Component\\Console\\Input\\ArgvInput), Object(Illuminate\\Console\\OutputStyle))
#24 /var/www/html/vendor/symfony/console/Application.php(1005): Illuminate\\Console\\Command->run(Object(Symfony\\Component\\Console\\Input\\ArgvInput), Object(Symfony\\Component\\Console\\Output\\ConsoleOutput))
#25 /var/www/html/vendor/symfony/console/Application.php(299): Symfony\\Component\\Console\\Application->doRunCommand(Object(Illuminate\\Database\\Console\\Migrations\\MigrateCommand), Object(Symfony\\Component\\Console\\Input\\ArgvInput), Object(Symfony\\Component\\Console\\Output\\ConsoleOutput))
#26 /var/www/html/vendor/symfony/console/Application.php(171): Symfony\\Component\\Console\\Application->doRun(Object(Symfony\\Component\\Console\\Input\\ArgvInput), Object(Symfony\\Component\\Console\\Output\\ConsoleOutput))
#27 /var/www/html/vendor/illuminate/console/Application.php(94): Symfony\\Component\\Console\\Application->run(Object(Symfony\\Component\\Console\\Input\\ArgvInput), Object(Symfony\\Component\\Console\\Output\\ConsoleOutput))
#28 /var/www/html/vendor/laravel/lumen-framework/src/Console/Kernel.php(116): Illuminate\\Console\\Application->run(Object(Symfony\\Component\\Console\\Input\\ArgvInput), Object(Symfony\\Component\\Console\\Output\\ConsoleOutput))
#29 /var/www/html/artisan(35): Laravel\\Lumen\\Console\\Kernel->handle(Object(Symfony\\Component\\Console\\Input\\ArgvInput), Object(Symfony\\Component\\Console\\Output\\ConsoleOutput))
#30 {main}
"} 
[2021-12-06 13:06:37] production.ERROR: syntax error, unexpected 'static' (T_STATIC) {"exception":"[object] (ParseError(code: 0): syntax error, unexpected 'static' (T_STATIC) at /var/www/html/vendor/symfony/string/UnicodeString.php:44)
[stacktrace]
#0 /var/www/html/vendor/composer/ClassLoader.php(428): Composer\\Autoload\\includeFile('/var/www/html/v...')
#1 [internal function]: Composer\\Autoload\\ClassLoader->loadClass('Symfony\\\\Compone...')
#2 /var/www/html/vendor/symfony/console/Helper/Helper.php(65): spl_autoload_call('Symfony\\\\Compone...')
#3 /var/www/html/vendor/symfony/console/Application.php(860): Symfony\\Component\\Console\\Helper\\Helper::width('Database (/var/...')
#4 /var/www/html/vendor/symfony/console/Application.php(829): Symfony\\Component\\Console\\Application->doRenderThrowable(Object(Illuminate\\Database\\QueryException), Object(Symfony\\Component\\Console\\Output\\ConsoleOutput))
#5 /var/www/html/vendor/laravel/lumen-framework/src/Exceptions/Handler.php(202): Symfony\\Component\\Console\\Application->renderThrowable(Object(Illuminate\\Database\\QueryException), Object(Symfony\\Component\\Console\\Output\\ConsoleOutput))
#6 /var/www/html/vendor/laravel/lumen-framework/src/Console/Kernel.php(250): Laravel\\Lumen\\Exceptions\\Handler->renderForConsole(Object(Symfony\\Component\\Console\\Output\\ConsoleOutput), Object(Illuminate\\Database\\QueryException))
#7 /var/www/html/vendor/laravel/lumen-framework/src/Console/Kernel.php(120): Laravel\\Lumen\\Console\\Kernel->renderException(Object(Symfony\\Component\\Console\\Output\\ConsoleOutput), Object(Illuminate\\Database\\QueryException))
#8 /var/www/html/artisan(35): Laravel\\Lumen\\Console\\Kernel->handle(Object(Symfony\\Component\\Console\\Input\\ArgvInput), Object(Symfony\\Component\\Console\\Output\\ConsoleOutput))
#9 {main}
"} 
[2021-12-06 13:06:37] production.ERROR: Exception thrown without a stack frame {"exception":"[object] (Symfony\\Component\\ErrorHandler\\Error\\FatalError(code: 0): Exception thrown without a stack frame at Unknown:0)
[stacktrace]
#0 {main}
"} 
[2021-12-06 13:28:20] production.ERROR: syntax error, unexpected 'static' (T_STATIC) {"exception":"[object] (ParseError(code: 0): syntax error, unexpected 'static' (T_STATIC) at /var/www/html/vendor/symfony/string/UnicodeString.php:44)
[stacktrace]
#0 /var/www/html/vendor/composer/ClassLoader.php(428): Composer\\Autoload\\includeFile('/var/www/html/v...')
#1 [internal function]: Composer\\Autoload\\ClassLoader->loadClass('Symfony\\\\Compone...')
#2 /var/www/html/vendor/symfony/console/Helper/Helper.php(65): spl_autoload_call('Symfony\\\\Compone...')
#3 /var/www/html/vendor/symfony/console/Descriptor/TextDescriptor.php(327): Symfony\\Component\\Console\\Helper\\Helper::width('h')
#4 /var/www/html/vendor/symfony/console/Descriptor/TextDescriptor.php(97): Symfony\\Component\\Console\\Descriptor\\TextDescriptor->calculateTotalWidthForOptions(Array)
#5 /var/www/html/vendor/symfony/console/Descriptor/TextDescriptor.php(195): Symfony\\Component\\Console\\Descriptor\\TextDescriptor->describeInputDefinition(Object(Symfony\\Component\\Console\\Input\\InputDefinition), Array)
#6 /var/www/html/vendor/symfony/console/Descriptor/Descriptor.php(55): Symfony\\Component\\Console\\Descriptor\\TextDescriptor->describeApplication(Object(Illuminate\\Console\\Application), Array)
#7 /var/www/html/vendor/symfony/console/Helper/DescriptorHelper.php(65): Symfony\\Component\\Console\\Descriptor\\Descriptor->describe(Object(Symfony\\Component\\Console\\Output\\ConsoleOutput), Object(Illuminate\\Console\\Application), Array)
#8 /var/www/html/vendor/symfony/console/Command/ListCommand.php(75): Symfony\\Component\\Console\\Helper\\DescriptorHelper->describe(Object(Symfony\\Component\\Console\\Output\\ConsoleOutput), Object(Illuminate\\Console\\Application), Array)
#9 /var/www/html/vendor/symfony/console/Command/Command.php(298): Symfony\\Component\\Console\\Command\\ListCommand->execute(Object(Symfony\\Component\\Console\\Input\\ArgvInput), Object(Symfony\\Component\\Console\\Output\\ConsoleOutput))
#10 /var/www/html/vendor/symfony/console/Application.php(1005): Symfony\\Component\\Console\\Command\\Command->run(Object(Symfony\\Component\\Console\\Input\\ArgvInput), Object(Symfony\\Component\\Console\\Output\\ConsoleOutput))
#11 /var/www/html/vendor/symfony/console/Application.php(299): Symfony\\Component\\Console\\Application->doRunCommand(Object(Symfony\\Component\\Console\\Command\\ListCommand), Object(Symfony\\Component\\Console\\Input\\ArgvInput), Object(Symfony\\Component\\Console\\Output\\ConsoleOutput))
#12 /var/www/html/vendor/symfony/console/Application.php(171): Symfony\\Component\\Console\\Application->doRun(Object(Symfony\\Component\\Console\\Input\\ArgvInput), Object(Symfony\\Component\\Console\\Output\\ConsoleOutput))
#13 /var/www/html/vendor/illuminate/console/Application.php(94): Symfony\\Component\\Console\\Application->run(Object(Symfony\\Component\\Console\\Input\\ArgvInput), Object(Symfony\\Component\\Console\\Output\\ConsoleOutput))
#14 /var/www/html/vendor/laravel/lumen-framework/src/Console/Kernel.php(116): Illuminate\\Console\\Application->run(Object(Symfony\\Component\\Console\\Input\\ArgvInput), Object(Symfony\\Component\\Console\\Output\\ConsoleOutput))
#15 /var/www/html/artisan(35): Laravel\\Lumen\\Console\\Kernel->handle(Object(Symfony\\Component\\Console\\Input\\ArgvInput), Object(Symfony\\Component\\Console\\Output\\ConsoleOutput))
#16 {main}
"} 
[2021-12-06 13:28:20] production.ERROR: syntax error, unexpected 'static' (T_STATIC) {"exception":"[object] (ParseError(code: 0): syntax error, unexpected 'static' (T_STATIC) at /var/www/html/vendor/symfony/string/UnicodeString.php:44)
[stacktrace]
#0 /var/www/html/vendor/composer/ClassLoader.php(428): Composer\\Autoload\\includeFile('/var/www/html/v...')
#1 [internal function]: Composer\\Autoload\\ClassLoader->loadClass('Symfony\\\\Compone...')
#2 /var/www/html/vendor/symfony/console/Helper/Helper.php(65): spl_autoload_call('Symfony\\\\Compone...')
#3 /var/www/html/vendor/symfony/console/Application.php(860): Symfony\\Component\\Console\\Helper\\Helper::width('syntax error, u...')
#4 /var/www/html/vendor/symfony/console/Application.php(829): Symfony\\Component\\Console\\Application->doRenderThrowable(Object(ParseError), Object(Symfony\\Component\\Console\\Output\\ConsoleOutput))
#5 /var/www/html/vendor/laravel/lumen-framework/src/Exceptions/Handler.php(202): Symfony\\Component\\Console\\Application->renderThrowable(Object(ParseError), Object(Symfony\\Component\\Console\\Output\\ConsoleOutput))
#6 /var/www/html/vendor/laravel/lumen-framework/src/Console/Kernel.php(250): Laravel\\Lumen\\Exceptions\\Handler->renderForConsole(Object(Symfony\\Component\\Console\\Output\\ConsoleOutput), Object(ParseError))
#7 /var/www/html/vendor/laravel/lumen-framework/src/Console/Kernel.php(120): Laravel\\Lumen\\Console\\Kernel->renderException(Object(Symfony\\Component\\Console\\Output\\ConsoleOutput), Object(ParseError))
#8 /var/www/html/artisan(35): Laravel\\Lumen\\Console\\Kernel->handle(Object(Symfony\\Component\\Console\\Input\\ArgvInput), Object(Symfony\\Component\\Console\\Output\\ConsoleOutput))
#9 {main}
"} 
[2021-12-06 13:28:20] production.ERROR: Exception thrown without a stack frame {"exception":"[object] (Symfony\\Component\\ErrorHandler\\Error\\FatalError(code: 0): Exception thrown without a stack frame at Unknown:0)
[stacktrace]
#0 {main}
"} 
[2021-12-06 13:42:00] production.ERROR: syntax error, unexpected 'static' (T_STATIC) {"exception":"[object] (ParseError(code: 0): syntax error, unexpected 'static' (T_STATIC) at /var/www/html/vendor/symfony/string/UnicodeString.php:44)
[stacktrace]
#0 /var/www/html/vendor/composer/ClassLoader.php(428): Composer\\Autoload\\includeFile('/var/www/html/v...')
#1 [internal function]: Composer\\Autoload\\ClassLoader->loadClass('Symfony\\\\Compone...')
#2 /var/www/html/vendor/symfony/console/Helper/Helper.php(65): spl_autoload_call('Symfony\\\\Compone...')
#3 /var/www/html/vendor/symfony/console/Descriptor/TextDescriptor.php(327): Symfony\\Component\\Console\\Helper\\Helper::width('h')
#4 /var/www/html/vendor/symfony/console/Descriptor/TextDescriptor.php(97): Symfony\\Component\\Console\\Descriptor\\TextDescriptor->calculateTotalWidthForOptions(Array)
#5 /var/www/html/vendor/symfony/console/Descriptor/TextDescriptor.php(195): Symfony\\Component\\Console\\Descriptor\\TextDescriptor->describeInputDefinition(Object(Symfony\\Component\\Console\\Input\\InputDefinition), Array)
#6 /var/www/html/vendor/symfony/console/Descriptor/Descriptor.php(55): Symfony\\Component\\Console\\Descriptor\\TextDescriptor->describeApplication(Object(Illuminate\\Console\\Application), Array)
#7 /var/www/html/vendor/symfony/console/Helper/DescriptorHelper.php(65): Symfony\\Component\\Console\\Descriptor\\Descriptor->describe(Object(Symfony\\Component\\Console\\Output\\ConsoleOutput), Object(Illuminate\\Console\\Application), Array)
#8 /var/www/html/vendor/symfony/console/Command/ListCommand.php(75): Symfony\\Component\\Console\\Helper\\DescriptorHelper->describe(Object(Symfony\\Component\\Console\\Output\\ConsoleOutput), Object(Illuminate\\Console\\Application), Array)
#9 /var/www/html/vendor/symfony/console/Command/Command.php(298): Symfony\\Component\\Console\\Command\\ListCommand->execute(Object(Symfony\\Component\\Console\\Input\\ArgvInput), Object(Symfony\\Component\\Console\\Output\\ConsoleOutput))
#10 /var/www/html/vendor/symfony/console/Application.php(1005): Symfony\\Component\\Console\\Command\\Command->run(Object(Symfony\\Component\\Console\\Input\\ArgvInput), Object(Symfony\\Component\\Console\\Output\\ConsoleOutput))
#11 /var/www/html/vendor/symfony/console/Application.php(299): Symfony\\Component\\Console\\Application->doRunCommand(Object(Symfony\\Component\\Console\\Command\\ListCommand), Object(Symfony\\Component\\Console\\Input\\ArgvInput), Object(Symfony\\Component\\Console\\Output\\ConsoleOutput))
#12 /var/www/html/vendor/symfony/console/Application.php(171): Symfony\\Component\\Console\\Application->doRun(Object(Symfony\\Component\\Console\\Input\\ArgvInput), Object(Symfony\\Component\\Console\\Output\\ConsoleOutput))
#13 /var/www/html/vendor/illuminate/console/Application.php(94): Symfony\\Component\\Console\\Application->run(Object(Symfony\\Component\\Console\\Input\\ArgvInput), Object(Symfony\\Component\\Console\\Output\\ConsoleOutput))
#14 /var/www/html/vendor/laravel/lumen-framework/src/Console/Kernel.php(116): Illuminate\\Console\\Application->run(Object(Symfony\\Component\\Console\\Input\\ArgvInput), Object(Symfony\\Component\\Console\\Output\\ConsoleOutput))
#15 /var/www/html/artisan(35): Laravel\\Lumen\\Console\\Kernel->handle(Object(Symfony\\Component\\Console\\Input\\ArgvInput), Object(Symfony\\Component\\Console\\Output\\ConsoleOutput))
#16 {main}
"} 
[2021-12-06 13:42:00] production.ERROR: syntax error, unexpected 'static' (T_STATIC) {"exception":"[object] (ParseError(code: 0): syntax error, unexpected 'static' (T_STATIC) at /var/www/html/vendor/symfony/string/UnicodeString.php:44)
[stacktrace]
#0 /var/www/html/vendor/composer/ClassLoader.php(428): Composer\\Autoload\\includeFile('/var/www/html/v...')
#1 [internal function]: Composer\\Autoload\\ClassLoader->loadClass('Symfony\\\\Compone...')
#2 /var/www/html/vendor/symfony/console/Helper/Helper.php(65): spl_autoload_call('Symfony\\\\Compone...')
#3 /var/www/html/vendor/symfony/console/Application.php(860): Symfony\\Component\\Console\\Helper\\Helper::width('syntax error, u...')
#4 /var/www/html/vendor/symfony/console/Application.php(829): Symfony\\Component\\Console\\Application->doRenderThrowable(Object(ParseError), Object(Symfony\\Component\\Console\\Output\\ConsoleOutput))
#5 /var/www/html/vendor/laravel/lumen-framework/src/Exceptions/Handler.php(202): Symfony\\Component\\Console\\Application->renderThrowable(Object(ParseError), Object(Symfony\\Component\\Console\\Output\\ConsoleOutput))
#6 /var/www/html/vendor/laravel/lumen-framework/src/Console/Kernel.php(250): Laravel\\Lumen\\Exceptions\\Handler->renderForConsole(Object(Symfony\\Component\\Console\\Output\\ConsoleOutput), Object(ParseError))
#7 /var/www/html/vendor/laravel/lumen-framework/src/Console/Kernel.php(120): Laravel\\Lumen\\Console\\Kernel->renderException(Object(Symfony\\Component\\Console\\Output\\ConsoleOutput), Object(ParseError))
#8 /var/www/html/artisan(35): Laravel\\Lumen\\Console\\Kernel->handle(Object(Symfony\\Component\\Console\\Input\\ArgvInput), Object(Symfony\\Component\\Console\\Output\\ConsoleOutput))
#9 {main}
"} 
[2021-12-06 13:42:00] production.ERROR: Exception thrown without a stack frame {"exception":"[object] (Symfony\\Component\\ErrorHandler\\Error\\FatalError(code: 0): Exception thrown without a stack frame at Unknown:0)
[stacktrace]
#0 {main}
"} 
